#
# A fatal error has been detected by the Java Runtime Environment:
#
#  Internal Error (jvmciRuntime.cpp:1609), pid=30, tid=44
#  fatal error: Fatal exception in JVMCI: Error calling jdk.vm.ci.services.Services.serializeSavedProperties
#
# JRE version: OpenJDK Runtime Environment GraalVM CE 22.3.0 (17.0.5+8) (build 17.0.5+8-jvmci-22.3-b08)
# Java VM: OpenJDK 64-Bit Server VM GraalVM CE 22.3.0 (17.0.5+8-jvmci-22.3-b08, mixed mode, sharing, tiered, jvmci, jvmci compiler, compressed oops, compressed class ptrs, parallel gc, linux-amd64)
# Problematic frame:
# V  [libjvm.so+0x972714]  JVMCIRuntime::fatal_exception(JVMCIEnv*, char const*)+0x74
#
# Core dump will be written. Default location: Core dumps may be processed with "/usr/share/apport/apport -p%p -s%s -c%c -d%d -P%P -u%u -g%g -- %E" (or dumping to /home/runner/Java-practice/core.30)
#
# If you would like to submit a bug report, please visit:
#   https://github.com/oracle/graal/issues
#

---------------  S U M M A R Y ------------

Command Line: -XX:ThreadPriorityPolicy=1 -XX:+UnlockExperimentalVMOptions -XX:+EnableJVMCIProduct -XX:JVMCIThreadsPerNativeLibraryRuntime=1 -XX:-UnlockExperimentalVMOptions -Declipse.application=org.eclipse.jdt.ls.core.id1 -Dosgi.bundles.defaultStartLevel=4 -Declipse.product=org.eclipse.jdt.ls.core.product -Dlog.level=ALL -Xverify:none -XX:+UseParallelGC -XX:GCTimeRatio=4 -XX:AdaptiveSizePolicyWeight=90 -Dsun.zip.disableMemoryMapping=true -Xmx512m -Xms100m /nix/store/m6gcpi1ii6rghy04cjwjddcavv7i90df-jdt-language-server-1.9.0/share/java/plugins/org.eclipse.equinox.launcher_1.6.400.v20210924-0641.jar --add-modules=ALL-SYSTEM --add-opens java.base/java.util=ALL-UNNAMED --add-opens java.base/java.lang=ALL-UNNAMED -configuration /home/runner/.cache/jdt-language-server/config -data /home/runner/.cache/jdt-language-server/data/home/runner/Java-practice

Host: AMD EPYC 7B12, 8 cores, 1G, Ubuntu 20.04.2 LTS
Time: Mon Apr 17 03:42:12 2023 UTC elapsed time: 764.604456 seconds (0d 0h 12m 44s)

---------------  T H R E A D  ---------------

Current thread (0x00007f961c0b21e0):  JavaThread "JVMCI-native CompilerThread0" daemon [_thread_in_vm, id=44, stack(0x00007f962031a000,0x00007f962051a000)]


Current CompileTask:
JVMCI-native: 764604 8730       4       java.util.regex.Pattern::append (43 bytes)

Stack: [0x00007f962031a000,0x00007f962051a000],  sp=0x00007f9620518380,  free space=2040k
Native frames: (J=compiled Java code, j=interpreted, Vv=VM code, C=native code)
V  [libjvm.so+0x972714]  JVMCIRuntime::fatal_exception(JVMCIEnv*, char const*)+0x74
V  [libjvm.so+0x93e2fe]  JVMCIEnv::copy_saved_properties()+0x14e
V  [libjvm.so+0x9732a9]  JVMCIRuntime::initialize(JVMCIEnv*)+0xb19
V  [libjvm.so+0x9738a2]  JVMCIRuntime::get_HotSpotJVMCIRuntime(JVMCIEnv*)+0x12
V  [libjvm.so+0x9749f2]  JVMCIRuntime::compile_method(JVMCIEnv*, JVMCICompiler*, methodHandle const&, int)+0xd2
V  [libjvm.so+0x5b0d20]  CompileBroker::invoke_compiler_on_method(CompileTask*)+0x1470
V  [libjvm.so+0x5b12e8]  CompileBroker::compiler_thread_loop()+0x528
V  [libjvm.so+0xd82460]  JavaThread::thread_main_inner()+0xd0
V  [libjvm.so+0xd85a40]  Thread::call_run()+0xc0
V  [libjvm.so+0xbdb1e1]  thread_native_entry(Thread*)+0xe1

Register to memory mapping:

RAX=0x00007f96233e6000 points into unknown readable memory: 0x0000000000000058 | 58 00 00 00 00 00 00 00
RBX=0x00007f96244e1398: <offset 0x0000000000ef5398> in /nix/store/gpxl5qgg8kicmcvivwmybwjlpf7wh20l-graalvm17-ce-22.3.0/lib/server/libjvm.so at 0x00007f96235ec000
RCX=0x00007f96244991e8: <offset 0x0000000000ead1e8> in /nix/store/gpxl5qgg8kicmcvivwmybwjlpf7wh20l-graalvm17-ce-22.3.0/lib/server/libjvm.so at 0x00007f96235ec000
RDX=0x0000000000000649 is an unknown value
RSP=0x00007f9620518380 is pointing into the stack for thread: 0x00007f961c0b21e0
RBP=0x00007f96205183a0 is pointing into the stack for thread: 0x00007f961c0b21e0
RSI=0x00007f96244e1c48: <offset 0x0000000000ef5c48> in /nix/store/gpxl5qgg8kicmcvivwmybwjlpf7wh20l-graalvm17-ce-22.3.0/lib/server/libjvm.so at 0x00007f96235ec000
RDI=0x00000000e0000000 is an oop: java.lang.String 
{0x00000000e0000000} - klass: 'java/lang/String'
 - string: "resolution"
R8 =0x00007f96244e1398: <offset 0x0000000000ef5398> in /nix/store/gpxl5qgg8kicmcvivwmybwjlpf7wh20l-graalvm17-ce-22.3.0/lib/server/libjvm.so at 0x00007f96235ec000
R9 =0x0000000000000003 is an unknown value
R10=0x00007f9624832da0: <offset 0x0000000001246da0> in /nix/store/gpxl5qgg8kicmcvivwmybwjlpf7wh20l-graalvm17-ce-22.3.0/lib/server/libjvm.so at 0x00007f96235ec000
R11=0x000000080044f048 is pointing into metadata
R12=0x0 is NULL
R13=0x00007f961c0b21e0 is a thread
R14=0x00007f961c000b80 points into unknown readable memory: 0x00007f9624712a38 | 38 2a 71 24 96 7f 00 00
R15=0x00007f9624820e40: <offset 0x0000000001234e40> in /nix/store/gpxl5qgg8kicmcvivwmybwjlpf7wh20l-graalvm17-ce-22.3.0/lib/server/libjvm.so at 0x00007f96235ec000


Registers:
RAX=0x00007f96233e6000, RBX=0x00007f96244e1398, RCX=0x00007f96244991e8, RDX=0x0000000000000649
RSP=0x00007f9620518380, RBP=0x00007f96205183a0, RSI=0x00007f96244e1c48, RDI=0x00000000e0000000
R8 =0x00007f96244e1398, R9 =0x0000000000000003, R10=0x00007f9624832da0, R11=0x000000080044f048
R12=0x0000000000000000, R13=0x00007f961c0b21e0, R14=0x00007f961c000b80, R15=0x00007f9624820e40
RIP=0x00007f9623f5e714, EFLAGS=0x0000000000010206, CSGSFS=0x002b000000000033, ERR=0x0000000000000006
  TRAPNO=0x000000000000000e

Top of Stack: (sp=0x00007f9620518380)
0x00007f9620518380:   00007f9620518940 00007f961c0b21e0
0x00007f9620518390:   00007f9621d778c8 0000000800c413b0
0x00007f96205183a0:   00007f9620518500 00007f9623f2a2fe
0x00007f96205183b0:   00007f96205183e0 00007f9620518440 

Instructions: (pc=0x00007f9623f5e714)
0x00007f9623f5e614:   30 e8 f6 cf e8 ff 4c 89 e7 e8 2e 48 d1 ff 84 db
0x00007f9623f5e624:   75 2a 4d 85 ed 74 04 4d 8b 6d 00 48 83 c4 08 44
0x00007f9623f5e634:   89 f9 4c 89 f2 4c 89 ee 5b 4c 89 e7 41 5c 41 5d
0x00007f9623f5e644:   41 5e 41 5f 5d e9 e2 47 d1 ff 66 90 48 83 c4 08
0x00007f9623f5e654:   5b 41 5c 41 5d 41 5e 41 5f 5d c3 90 31 d2 be 08
0x00007f9623f5e664:   00 00 00 4c 89 ff e8 b1 78 a3 ff 49 89 c5 e9 37
0x00007f9623f5e674:   ff ff ff 66 0f 1f 84 00 00 00 00 00 48 8b 7a 08
0x00007f9623f5e684:   e9 6d ff ff ff 0f 1f 80 00 00 00 00 e8 5b 48 0a
0x00007f9623f5e694:   00 84 c0 75 89 e9 6a ff ff ff 66 90 55 48 89 e5
0x00007f9623f5e6a4:   41 56 41 55 41 54 49 89 fc 53 48 89 f3 66 48 8d
0x00007f9623f5e6b4:   3d 27 5e 85 00 66 66 48 e8 df 43 8d ff 4c 8b 28
0x00007f9623f5e6c4:   8b 05 be 72 8a 00 85 c0 75 14 ba 01 00 00 00 48
0x00007f9623f5e6d4:   8d 0d ae 72 8a 00 f0 0f b1 11 85 c0 74 4e be c8
0x00007f9623f5e6e4:   00 00 00 4c 89 ef e8 01 0b 41 00 48 8d 05 12 ac
0x00007f9623f5e6f4:   85 00 49 89 d8 48 8d 0d e8 aa 53 00 ba 49 06 00
0x00007f9623f5e704:   00 48 8d 35 3c 35 58 00 bf 00 00 00 e0 48 8b 00
0x00007f9623f5e714:   c6 00 58 31 c0 e8 e2 91 c6 ff 5b 41 5c 41 5d 41
0x00007f9623f5e724:   5e 5d e9 55 34 26 00 0f 1f 44 00 00 48 8d 05 81
0x00007f9623f5e734:   a3 8b 00 48 89 df 4c 8b 30 e8 9e 43 8d ff 48 89
0x00007f9623f5e744:   de 48 89 c2 49 8b 06 4c 89 f7 ff 50 08 4c 89 f7
0x00007f9623f5e754:   e8 a7 5c 27 00 4d 85 e4 74 12 be 01 00 00 00 4c
0x00007f9623f5e764:   89 e7 e8 35 43 fc ff eb 82 0f 1f 00 be 01 00 00
0x00007f9623f5e774:   00 4c 89 ef e8 d3 fd ff ff e9 6d ff ff ff 66 66
0x00007f9623f5e784:   2e 0f 1f 84 00 00 00 00 00 0f 1f 00 55 48 89 e5
0x00007f9623f5e794:   41 57 41 56 41 55 41 54 53 48 81 ec 08 02 00 00
0x00007f9623f5e7a4:   64 48 8b 04 25 28 00 00 00 48 89 45 c8 8b 07 83
0x00007f9623f5e7b4:   f8 02 0f 84 11 04 00 00 4c 8b 6f 18 49 89 ff 49
0x00007f9623f5e7c4:   89 f4 4d 85 ed 74 14 4c 89 ef e8 5d 57 22 00 41
0x00007f9623f5e7d4:   8b 07 83 f8 02 0f 84 19 04 00 00 48 8d 1d 9a 06
0x00007f9623f5e7e4:   8a 00 4c 8d 35 0b 3c 58 00 eb 38 90 48 85 d2 7f
0x00007f9623f5e7f4:   0d 48 8d 05 b4 c0 85 00 48 83 38 00 7e 0e 41 8b
0x00007f9623f5e804:   77 2c 4c 89 f7 31 c0 e8 a0 b2 f7 ff 49 8b 7f 18 


Stack slot to memory mapping:
stack at sp + 0 slots: 0x00007f9620518940 is pointing into the stack for thread: 0x00007f961c0b21e0
stack at sp + 1 slots: 0x00007f961c0b21e0 is a thread
stack at sp + 2 slots: 0x00007f9621d778c8 points into unknown readable memory: 0x6573001880c9ffff | ff ff c9 80 18 00 73 65
stack at sp + 3 slots: 0x0000000800c413b0 is a pointer to class: 
jdk.vm.ci.services.Services {0x0000000800c413b0}
 - instance size:     2
 - klass size:        65
 - access:            public final synchronized 
 - state:             fully_initialized
 - name:              'jdk/vm/ci/services/Services'
 - super:             'java/lang/Object'
 - sub:               
 - arrays:            NULL
 - methods:           Array<T>(0x00007f9620c3fa68)
 - method ordering:   Array<T>(0x0000000800928960)
 - default_methods:   Array<T>(0x0000000000000000)
 - local interfaces:  Array<T>(0x00000008005ce810)
 - trans. interfaces: Array<T>(0x00000008005ce810)
 - constants:         constant pool [427] {0x00007f9620c3eaa0} for 'jdk/vm/ci/services/Services' cache=0x00007f9620c40fa0
 - class loader data:  loader data: 0x00007f961c0283f0 of 'bootstrap'
 - source file:       'Services.java'
 - class annotations:       Array<T>(0x0000000000000000)
 - class type annotations:  Array<T>(0x0000000000000000)
 - field annotations:       Array<T>(0x0000000000000000)
 - field type annotations:  Array<T>(0x0000000000000000)
 - inner classes:     Array<T>(0x00007f9620c40d08)
 - nest members:     Array<T>(0x00007f9620c40d28)
 - permitted subclasses:     Array<T>(0x00000008005ce7a0)
 - java mirror:       a 'java/lang/Class'{0x00000000e01484a0} = 'jdk/vm/ci/services/Services'
 - vtable length      5  (start addr: 0x0000000800c41580)
 - itable length      2 (start addr: 0x0000000800c415a8)
 - ---- static fields (3 words):
 - public static final 'IS_BUILDING_NATIVE_IMAGE' 'Z' @128 
 - public static final 'IS_IN_NATIVE_IMAGE' 'Z' @129 
 - private static volatile 'savedProperties' 'Ljava/util/Map;' @112 
 - static final 'JVMCI_ENABLED' 'Z' @130 
 - private static final 'servicesCache' 'Ljava/util/Map;' @116 
 - private static final 'MAX_UNICODE_IN_UTF8_LENGTH' 'I' @120 
 - private static final 'MAX_UTF8_PROPERTY_STRING_LENGTH' 'I' @124 
 - ---- non-static fields (0 words):
 - non-static oop maps: 
stack at sp + 4 slots: 0x00007f9620518500 is pointing into the stack for thread: 0x00007f961c0b21e0
stack at sp + 5 slots: 0x00007f9623f2a2fe: <offset 0x000000000093e2fe> in /nix/store/gpxl5qgg8kicmcvivwmybwjlpf7wh20l-graalvm17-ce-22.3.0/lib/server/libjvm.so at 0x00007f96235ec000
stack at sp + 6 slots: 0x00007f96205183e0 is pointing into the stack for thread: 0x00007f961c0b21e0
stack at sp + 7 slots: 0x00007f9620518440 is pointing into the stack for thread: 0x00007f961c0b21e0


---------------  P R O C E S S  ---------------

Threads class SMR info:
_java_thread_list=0x00007f958409bbe0, length=29, elements={
0x00007f961c026690, 0x00007f961c0a64d0, 0x00007f961c0a7910, 0x00007f961c0ae050,
0x00007f961c0af400, 0x00007f961c0b07f0, 0x00007f961c0b21e0, 0x00007f961c0b36f0,
0x00007f961c0b4b40, 0x00007f961c0d7990, 0x00007f961c11fdc0, 0x00007f961c333b10,
0x00007f961c3674e0, 0x00007f961c3694e0, 0x00007f961c62f7d0, 0x00007f95b8017110,
0x00007f95b82a2500, 0x00007f95b83048b0, 0x00007f95b847fc30, 0x00007f95b85efaa0,
0x00007f961c4c3120, 0x00007f961c3f26f0, 0x00007f95a00021b0, 0x00007f95a00c4da0,
0x00007f9584037b10, 0x00007f9584038090, 0x00007f9584114790, 0x00007f958409bc10,
0x00007f958409c420
}

Java Threads: ( => current thread )
  0x00007f961c026690 JavaThread "main" [_thread_blocked, id=36, stack(0x00007f9623407000,0x00007f9623507000)]
  0x00007f961c0a64d0 JavaThread "Reference Handler" daemon [_thread_blocked, id=39, stack(0x00007f962141e000,0x00007f962151e000)]
  0x00007f961c0a7910 JavaThread "Finalizer" daemon [_thread_blocked, id=40, stack(0x00007f9620b00000,0x00007f9620c00000)]
  0x00007f961c0ae050 JavaThread "Signal Dispatcher" daemon [_thread_blocked, id=41, stack(0x00007f962071a000,0x00007f962081a000)]
  0x00007f961c0af400 JavaThread "Service Thread" daemon [_thread_blocked, id=42, stack(0x00007f962061a000,0x00007f962071a000)]
  0x00007f961c0b07f0 JavaThread "Monitor Deflation Thread" daemon [_thread_blocked, id=43, stack(0x00007f962051a000,0x00007f962061a000)]
=>0x00007f961c0b21e0 JavaThread "JVMCI-native CompilerThread0" daemon [_thread_in_vm, id=44, stack(0x00007f962031a000,0x00007f962051a000)]
  0x00007f961c0b36f0 JavaThread "C1 CompilerThread0" daemon [_thread_blocked, id=45, stack(0x00007f962011a000,0x00007f962031a000)]
  0x00007f961c0b4b40 JavaThread "Sweeper thread" daemon [_thread_blocked, id=46, stack(0x00007f962001a000,0x00007f962011a000)]
  0x00007f961c0d7990 JavaThread "Common-Cleaner" daemon [_thread_blocked, id=47, stack(0x00007f96033b3000,0x00007f96034b3000)]
  0x00007f961c11fdc0 JavaThread "Notification Thread" daemon [_thread_blocked, id=48, stack(0x00007f96032b3000,0x00007f96033b3000)]
  0x00007f961c333b10 JavaThread "Active Thread: Equinox Container: 0cf1f3eb-6a7c-42a5-b23a-aacd2ef1fe4e" [_thread_blocked, id=61, stack(0x00007f9600d00000,0x00007f9600e00000)]
  0x00007f961c3674e0 JavaThread "Framework Event Dispatcher: Equinox Container: 0cf1f3eb-6a7c-42a5-b23a-aacd2ef1fe4e" daemon [_thread_blocked, id=62, stack(0x00007f9600b00000,0x00007f9600c00000)]
  0x00007f961c3694e0 JavaThread "Start Level: Equinox Container: 0cf1f3eb-6a7c-42a5-b23a-aacd2ef1fe4e" daemon [_thread_blocked, id=63, stack(0x00007f9600900000,0x00007f9600a00000)]
  0x00007f961c62f7d0 JavaThread "Refresh Thread: Equinox Container: 0cf1f3eb-6a7c-42a5-b23a-aacd2ef1fe4e" daemon [_thread_blocked, id=67, stack(0x00007f9600700000,0x00007f9600800000)]
  0x00007f95b8017110 JavaThread "SCR Component Actor" daemon [_thread_blocked, id=73, stack(0x00007f9600c00000,0x00007f9600d00000)]
  0x00007f95b82a2500 JavaThread "Worker-JM" [_thread_blocked, id=83, stack(0x00007f9600300000,0x00007f9600400000)]
  0x00007f95b83048b0 JavaThread "Worker-0" [_thread_blocked, id=84, stack(0x00007f9600100000,0x00007f9600200000)]
  0x00007f95b847fc30 JavaThread "Java indexing" daemon [_thread_blocked, id=87, stack(0x00007f95ca900000,0x00007f95caa00000)]
  0x00007f95b85efaa0 JavaThread "Bundle File Closer" daemon [_thread_blocked, id=89, stack(0x00007f95ca700000,0x00007f95ca800000)]
  0x00007f961c4c3120 JavaThread "pool-3-thread-1" [_thread_blocked, id=97, stack(0x00007f95ca500000,0x00007f95ca600000)]
  0x00007f961c3f26f0 JavaThread "pool-2-thread-1" [_thread_blocked, id=98, stack(0x00007f95ca300000,0x00007f95ca400000)]
  0x00007f95a00021b0 JavaThread "Worker-3" [_thread_blocked, id=99, stack(0x00007f95ca100000,0x00007f95ca200000)]
  0x00007f95a00c4da0 JavaThread "Worker-5: Java indexing... " [_thread_blocked, id=126, stack(0x00007f95c9d00000,0x00007f95c9e00000)]
  0x00007f9584037b10 JavaThread "Thread-4" [_thread_blocked, id=711, stack(0x00007f95cab00000,0x00007f95cac00000)]
  0x00007f9584038090 JavaThread "Thread-5" [_thread_blocked, id=1056, stack(0x00007f95cad00000,0x00007f95cae00000)]
  0x00007f9584114790 JavaThread "Thread-6" [_thread_blocked, id=1169, stack(0x00007f95c9f00000,0x00007f95ca000000)]
  0x00007f958409bc10 JavaThread "Thread-7" [_thread_blocked, id=1282, stack(0x00007f9600500000,0x00007f9600600000)]
  0x00007f958409c420 JavaThread "Thread-8" [_thread_blocked, id=1516, stack(0x00007f9600a00000,0x00007f9600b00000)]

Other Threads:
  0x00007f961c0a1c10 VMThread "VM Thread" [stack: 0x00007f9621520000,0x00007f9621620000] [id=38] _threads_hazard_ptr=0x00007f958409bbe0
  0x00007f961c121760 WatcherThread [stack: 0x00007f96031b3000,0x00007f96032b3000] [id=49]
  0x00007f961c03df30 GCTaskThread "GC Thread#0" [stack: 0x00007f9622fca000,0x00007f96230ca000] [id=37]

Threads with active compile tasks:
JVMCI-native CompilerThread0   764702 8730       4       java.util.regex.Pattern::append (43 bytes)

VM state: synchronizing (normal execution)

VM Mutex/Monitor currently owned by a thread:  ([mutex/lock_event])
[0x00007f961c023840] Threads_lock - owner thread: 0x00007f961c0a1c10
[0x00007f961c023ff0] Heap_lock - owner thread: 0x00007f9584038090

OutOfMemory and StackOverflow Exception counts:
OutOfMemoryError java_heap_errors=2
LinkageErrors=66

Heap address: 0x00000000e0000000, size: 512 MB, Compressed Oops mode: 32-bit

CDS archive(s) mapped at: [0x0000000800000000-0x0000000800bc8000-0x0000000800bc8000), size 12353536, SharedBaseAddress: 0x0000000800000000, ArchiveRelocationMode: 0.
Compressed class space mapped at: 0x0000000800c00000-0x0000000840c00000, reserved size: 1073741824
Narrow klass base: 0x0000000800000000, Narrow klass shift: 0, Narrow klass range: 0x100000000

GC Precious Log:
 CPUs: 8 total, 1 available
 Memory: 1024M
 Large Page Support: Disabled
 NUMA Support: Disabled
 Compressed Oops: Enabled (32-bit)
 Alignments: Space 512K, Generation 512K, Heap 2M
 Heap Min Capacity: 100M
 Heap Initial Capacity: 100M
 Heap Max Capacity: 512M
 Pre-touch: Disabled
 Parallel Workers: 1

Heap:
 PSYoungGen      total 36864K, used 27647K [0x00000000f5580000, 0x00000000f8580000, 0x0000000100000000)
  eden space 27648K, 99% used [0x00000000f5580000,0x00000000f707fff0,0x00000000f7080000)
  from space 9216K, 0% used [0x00000000f7a00000,0x00000000f7a00000,0x00000000f8300000)
  to   space 9728K, 0% used [0x00000000f7080000,0x00000000f7080000,0x00000000f7a00000)
 ParOldGen       total 349696K, used 349695K [0x00000000e0000000, 0x00000000f5580000, 0x00000000f5580000)
  object space 349696K, 99% used [0x00000000e0000000,0x00000000f557ff00,0x00000000f5580000)
 Metaspace       used 58468K, committed 59584K, reserved 1105920K
  class space    used 5843K, committed 6272K, reserved 1048576K

Card table byte_map: [0x00007f96230ca000,0x00007f96231cb000] _byte_map_base: 0x00007f96229ca000

Marking Bits: (ParMarkBitMap*) 0x00007f962481a4c0
 Begin Bits: [0x00007f9621f1d000, 0x00007f962271d000)
 End Bits:   [0x00007f962271d000, 0x00007f9622f1d000)

Polling page: 0x00007f96233e4000

Metaspace:

Usage:
  Non-class:     51.39 MB used.
      Class:      5.71 MB used.
       Both:     57.10 MB used.

Virtual space:
  Non-class space:       56.00 MB reserved,      52.06 MB ( 93%) committed,  7 nodes.
      Class space:        1.00 GB reserved,       6.12 MB ( <1%) committed,  1 nodes.
             Both:        1.05 GB reserved,      58.19 MB (  5%) committed. 

Chunk freelists:
   Non-Class:  3.46 MB
       Class:  1.91 MB
        Both:  5.38 MB

MaxMetaspaceSize: unlimited
CompressedClassSpaceSize: 1.00 GB
Initial GC threshold: 21.00 MB
Current GC threshold: 97.00 MB
CDS: on
MetaspaceReclaimPolicy: balanced
 - commit_granule_bytes: 65536.
 - commit_granule_words: 8192.
 - virtual_space_node_default_size: 1048576.
 - enlarge_chunks_in_place: 1.
 - new_chunks_are_fully_committed: 0.
 - uncommit_free_chunks: 1.
 - use_allocation_guard: 0.
 - handle_deallocations: 1.


Internal statistics:

num_allocs_failed_limit: 8.
num_arena_births: 498.
num_arena_deaths: 148.
num_vsnodes_births: 8.
num_vsnodes_deaths: 0.
num_space_committed: 930.
num_space_uncommitted: 0.
num_chunks_returned_to_freelist: 211.
num_chunks_taken_from_freelist: 2778.
num_chunk_merges: 87.
num_chunk_splits: 1829.
num_chunks_enlarged: 1148.
num_purges: 2.
num_inconsistent_stats: 0.

CodeHeap 'non-profiled nmethods': size=120036Kb used=2397Kb max_used=2579Kb free=117639Kb
 bounds [0x00007f960af7a000, 0x00007f960b20a000, 0x00007f96124b3000]
CodeHeap 'profiled nmethods': size=120032Kb used=12844Kb max_used=14968Kb free=107188Kb
 bounds [0x00007f9603a42000, 0x00007f9604962000, 0x00007f960af7a000]
CodeHeap 'non-nmethods': size=5692Kb used=1397Kb max_used=1404Kb free=4294Kb
 bounds [0x00007f96034b3000, 0x00007f9603723000, 0x00007f9603a42000]
 total_blobs=7128 nmethods=6389 adapters=628
 compilation: enabled
              stopped_count=0, restarted_count=0
 full_count=0

JVMCI Events (20 events):
Event: 578.998 Thread 0x00007f961c0b21e0 destroyed JavaVM[10]@0x00007f95c979e340 for JVMCI runtime 0
Event: 578.998 Thread 0x00007f961c0b21e0 compacted oop handles in JVMCI runtime 0 from 53 to 53
Event: 578.998 Thread 0x00007f961c0b21e0 releasing handles for JVMCI runtime 0: oop handles=53, metadata handles={total=96, live=96, blocks=39}
Event: 578.998 Thread 0x00007f961c0b21e0 detached from JVMCI runtime 0
Event: 588.212 Thread 0x00007f961c0b21e0 attached to JVMCI runtime 0
Event: 588.213 Thread 0x00007f961c0b21e0 created JavaVM[11]@0x00007f95c979e340 for JVMCI runtime 0
Event: 589.410 Thread 0x00007f961c0b21e0 initializing JVMCI runtime 0
Event: 589.410 Thread 0x00007f961c0b21e0 done waiting for JavaVM references initialization in JVMCI runtime 0
Event: 621.386 Thread 0x00007f961c0b21e0 initialized JVMCI runtime 0
Event: 650.215 Thread 0x00007f961c0b21e0 detaching from JVMCI runtime 0: releasing idle compiler thread (0 other threads still attached)
Event: 650.215 Thread 0x00007f961c0b21e0 shutting down HotSpotJVMCIRuntime for JVMCI runtime 0
Event: 650.216 Thread 0x00007f961c0b21e0 shut down JVMCI runtime 0
Event: 651.495 Thread 0x00007f961c0b21e0 destroyed JavaVM[11]@0x00007f95c979e340 for JVMCI runtime 0
Event: 651.495 Thread 0x00007f961c0b21e0 compacted oop handles in JVMCI runtime 0 from 60 to 60
Event: 651.495 Thread 0x00007f961c0b21e0 releasing handles for JVMCI runtime 0: oop handles=60, metadata handles={total=117, live=103, blocks=39}
Event: 651.495 Thread 0x00007f961c0b21e0 detached from JVMCI runtime 0
Event: 735.144 Thread 0x00007f961c0b21e0 attached to JVMCI runtime 0
Event: 735.145 Thread 0x00007f961c0b21e0 created JavaVM[12]@0x00007f95c979e340 for JVMCI runtime 0
Event: 735.145 Thread 0x00007f961c0b21e0 initializing JVMCI runtime 0
Event: 735.145 Thread 0x00007f961c0b21e0 done waiting for JavaVM references initialization in JVMCI runtime 0

Compilation events (20 events):
Event: 663.635 Thread 0x00007f961c0b36f0 nmethod 8722 0x00007f9603d9cb90 code [0x00007f9603d9ce00, 0x00007f9603d9e070]
Event: 681.122 Thread 0x00007f961c0b36f0 8723  s!   3       org.eclipse.core.internal.jobs.WorkerPool::sleep (137 bytes)
Event: 690.797 Thread 0x00007f961c0b36f0 nmethod 8723 0x00007f9603fa9890 code [0x00007f9603fa9b00, 0x00007f9603faa3d0]
Event: 692.186 Thread 0x00007f961c0b36f0 8724       3       org.eclipse.jdt.internal.compiler.parser.Parser::consumeRule (7754 bytes)
Event: 701.686 Thread 0x00007f961c0b36f0 nmethod 8724 0x00007f96048e0390 code [0x00007f96048e4ea0, 0x00007f9604954940]
Event: 701.686 Thread 0x00007f961c0b36f0 8725       3       org.eclipse.jdt.internal.compiler.parser.Parser::pushOnIntStack (54 bytes)
Event: 701.686 Thread 0x00007f961c0b36f0 nmethod 8725 0x00007f9603b31c10 code [0x00007f9603b31dc0, 0x00007f9603b320a0]
Event: 711.112 Thread 0x00007f961c0b36f0 8726       3       java.lang.invoke.VarHandleReferences$FieldInstanceReadWrite::compareAndSet (48 bytes)
Event: 712.674 Thread 0x00007f961c0b36f0 nmethod 8726 0x00007f96041a1c10 code [0x00007f96041a1e80, 0x00007f96041a2a00]
Event: 731.928 Thread 0x00007f961c0b36f0 8727       3       java.util.concurrent.locks.ReentrantReadWriteLock::readLock (5 bytes)
Event: 731.929 Thread 0x00007f961c0b36f0 nmethod 8727 0x00007f9603b69190 code [0x00007f9603b69320, 0x00007f9603b69450]
Event: 735.144 Thread 0x00007f961c0b21e0 8730       4       java.util.regex.Pattern::append (43 bytes)
Event: 735.172 Thread 0x00007f961c0b36f0 8728       1       org.eclipse.core.resources.FileInfoMatcherDescription::getId (5 bytes)
Event: 735.172 Thread 0x00007f961c0b36f0 nmethod 8728 0x00007f960b1e2b10 code [0x00007f960b1e2ca0, 0x00007f960b1e2d70]
Event: 735.172 Thread 0x00007f961c0b36f0 8729       1       org.eclipse.core.internal.resources.FilterDescriptor::isFirstOrdering (5 bytes)
Event: 735.172 Thread 0x00007f961c0b36f0 nmethod 8729 0x00007f960b032b90 code [0x00007f960b032d20, 0x00007f960b032df0]
Event: 738.129 Thread 0x00007f961c0b36f0 8731   !   3       org.eclipse.jdt.internal.core.JavaProjectElementInfo::getProjectCache (290 bytes)
Event: 738.173 Thread 0x00007f961c0b36f0 nmethod 8731 0x00007f9604385910 code [0x00007f9604385ca0, 0x00007f9604388ab0]
Event: 744.929 Thread 0x00007f961c0b36f0 8732       3       org.eclipse.jdt.internal.compiler.env.ITypeAnnotationWalker$1::getAnnotationsAtCursor (4 bytes)
Event: 747.770 Thread 0x00007f961c0b36f0 nmethod 8732 0x00007f9603b7e910 code [0x00007f9603b7eaa0, 0x00007f9603b7ebb0]

GC Heap History (20 events):
Event: 750.781 GC heap before
{Heap before GC invocations=654 (full 523):
 PSYoungGen      total 36864K, used 27648K [0x00000000f5580000, 0x00000000f8580000, 0x0000000100000000)
  eden space 27648K, 100% used [0x00000000f5580000,0x00000000f7080000,0x00000000f7080000)
  from space 9216K, 0% used [0x00000000f7a00000,0x00000000f7a00000,0x00000000f8300000)
  to   space 9728K, 0% used [0x00000000f7080000,0x00000000f7080000,0x00000000f7a00000)
 ParOldGen       total 349696K, used 349689K [0x00000000e0000000, 0x00000000f5580000, 0x00000000f5580000)
  object space 349696K, 99% used [0x00000000e0000000,0x00000000f557e748,0x00000000f5580000)
 Metaspace       used 58468K, committed 59584K, reserved 1105920K
  class space    used 5843K, committed 6272K, reserved 1048576K
}
Event: 752.240 GC heap after
{Heap after GC invocations=654 (full 523):
 PSYoungGen      total 37376K, used 27647K [0x00000000f5580000, 0x00000000f8580000, 0x0000000100000000)
  eden space 27648K, 99% used [0x00000000f5580000,0x00000000f707fec0,0x00000000f7080000)
  from space 9728K, 0% used [0x00000000f7080000,0x00000000f7080000,0x00000000f7a00000)
  to   space 9216K, 0% used [0x00000000f7a00000,0x00000000f7a00000,0x00000000f8300000)
 ParOldGen       total 349696K, used 349689K [0x00000000e0000000, 0x00000000f5580000, 0x00000000f5580000)
  object space 349696K, 99% used [0x00000000e0000000,0x00000000f557e6b8,0x00000000f5580000)
 Metaspace       used 58468K, committed 59584K, reserved 1105920K
  class space    used 5843K, committed 6272K, reserved 1048576K
}
Event: 752.241 GC heap before
{Heap before GC invocations=655 (full 524):
 PSYoungGen      total 37376K, used 27647K [0x00000000f5580000, 0x00000000f8580000, 0x0000000100000000)
  eden space 27648K, 99% used [0x00000000f5580000,0x00000000f707fff8,0x00000000f7080000)
  from space 9728K, 0% used [0x00000000f7080000,0x00000000f7080000,0x00000000f7a00000)
  to   space 9216K, 0% used [0x00000000f7a00000,0x00000000f7a00000,0x00000000f8300000)
 ParOldGen       total 349696K, used 349689K [0x00000000e0000000, 0x00000000f5580000, 0x00000000f5580000)
  object space 349696K, 99% used [0x00000000e0000000,0x00000000f557e6b8,0x00000000f5580000)
 Metaspace       used 58468K, committed 59584K, reserved 1105920K
  class space    used 5843K, committed 6272K, reserved 1048576K
}
Event: 753.532 GC heap after
{Heap after GC invocations=655 (full 524):
 PSYoungGen      total 36864K, used 27647K [0x00000000f5580000, 0x00000000f8580000, 0x0000000100000000)
  eden space 27648K, 99% used [0x00000000f5580000,0x00000000f707fff8,0x00000000f7080000)
  from space 9216K, 0% used [0x00000000f7a00000,0x00000000f7a00000,0x00000000f8300000)
  to   space 9728K, 0% used [0x00000000f7080000,0x00000000f7080000,0x00000000f7a00000)
 ParOldGen       total 349696K, used 349689K [0x00000000e0000000, 0x00000000f5580000, 0x00000000f5580000)
  object space 349696K, 99% used [0x00000000e0000000,0x00000000f557e680,0x00000000f5580000)
 Metaspace       used 58468K, committed 59584K, reserved 1105920K
  class space    used 5843K, committed 6272K, reserved 1048576K
}
Event: 753.532 GC heap before
{Heap before GC invocations=656 (full 525):
 PSYoungGen      total 36864K, used 27647K [0x00000000f5580000, 0x00000000f8580000, 0x0000000100000000)
  eden space 27648K, 99% used [0x00000000f5580000,0x00000000f707fff8,0x00000000f7080000)
  from space 9216K, 0% used [0x00000000f7a00000,0x00000000f7a00000,0x00000000f8300000)
  to   space 9728K, 0% used [0x00000000f7080000,0x00000000f7080000,0x00000000f7a00000)
 ParOldGen       total 349696K, used 349691K [0x00000000e0000000, 0x00000000f5580000, 0x00000000f5580000)
  object space 349696K, 99% used [0x00000000e0000000,0x00000000f557ee38,0x00000000f5580000)
 Metaspace       used 58468K, committed 59584K, reserved 1105920K
  class space    used 5843K, committed 6272K, reserved 1048576K
}
Event: 754.981 GC heap after
{Heap after GC invocations=656 (full 525):
 PSYoungGen      total 37376K, used 27647K [0x00000000f5580000, 0x00000000f8580000, 0x0000000100000000)
  eden space 27648K, 99% used [0x00000000f5580000,0x00000000f707ff60,0x00000000f7080000)
  from space 9728K, 0% used [0x00000000f7080000,0x00000000f7080000,0x00000000f7a00000)
  to   space 9216K, 0% used [0x00000000f7a00000,0x00000000f7a00000,0x00000000f8300000)
 ParOldGen       total 349696K, used 349691K [0x00000000e0000000, 0x00000000f5580000, 0x00000000f5580000)
  object space 349696K, 99% used [0x00000000e0000000,0x00000000f557eda8,0x00000000f5580000)
 Metaspace       used 58468K, committed 59584K, reserved 1105920K
  class space    used 5843K, committed 6272K, reserved 1048576K
}
Event: 754.981 GC heap before
{Heap before GC invocations=657 (full 526):
 PSYoungGen      total 37376K, used 27647K [0x00000000f5580000, 0x00000000f8580000, 0x0000000100000000)
  eden space 27648K, 99% used [0x00000000f5580000,0x00000000f707fff0,0x00000000f7080000)
  from space 9728K, 0% used [0x00000000f7080000,0x00000000f7080000,0x00000000f7a00000)
  to   space 9216K, 0% used [0x00000000f7a00000,0x00000000f7a00000,0x00000000f8300000)
 ParOldGen       total 349696K, used 349691K [0x00000000e0000000, 0x00000000f5580000, 0x00000000f5580000)
  object space 349696K, 99% used [0x00000000e0000000,0x00000000f557eda8,0x00000000f5580000)
 Metaspace       used 58468K, committed 59584K, reserved 1105920K
  class space    used 5843K, committed 6272K, reserved 1048576K
}
Event: 756.248 GC heap after
{Heap after GC invocations=657 (full 526):
 PSYoungGen      total 36864K, used 27647K [0x00000000f5580000, 0x00000000f8580000, 0x0000000100000000)
  eden space 27648K, 99% used [0x00000000f5580000,0x00000000f707ffd8,0x00000000f7080000)
  from space 9216K, 0% used [0x00000000f7a00000,0x00000000f7a00000,0x00000000f8300000)
  to   space 9728K, 0% used [0x00000000f7080000,0x00000000f7080000,0x00000000f7a00000)
 ParOldGen       total 349696K, used 349691K [0x00000000e0000000, 0x00000000f5580000, 0x00000000f5580000)
  object space 349696K, 99% used [0x00000000e0000000,0x00000000f557eda8,0x00000000f5580000)
 Metaspace       used 58468K, committed 59584K, reserved 1105920K
  class space    used 5843K, committed 6272K, reserved 1048576K
}
Event: 756.248 GC heap before
{Heap before GC invocations=658 (full 527):
 PSYoungGen      total 36864K, used 27647K [0x00000000f5580000, 0x00000000f8580000, 0x0000000100000000)
  eden space 27648K, 99% used [0x00000000f5580000,0x00000000f707fff0,0x00000000f7080000)
  from space 9216K, 0% used [0x00000000f7a00000,0x00000000f7a00000,0x00000000f8300000)
  to   space 9728K, 0% used [0x00000000f7080000,0x00000000f7080000,0x00000000f7a00000)
 ParOldGen       total 349696K, used 349693K [0x00000000e0000000, 0x00000000f5580000, 0x00000000f5580000)
  object space 349696K, 99% used [0x00000000e0000000,0x00000000f557f6b0,0x00000000f5580000)
 Metaspace       used 58468K, committed 59584K, reserved 1105920K
  class space    used 5843K, committed 6272K, reserved 1048576K
}
Event: 757.675 GC heap after
{Heap after GC invocations=658 (full 527):
 PSYoungGen      total 37376K, used 27647K [0x00000000f5580000, 0x00000000f8580000, 0x0000000100000000)
  eden space 27648K, 99% used [0x00000000f5580000,0x00000000f707ff60,0x00000000f7080000)
  from space 9728K, 0% used [0x00000000f7080000,0x00000000f7080000,0x00000000f7a00000)
  to   space 9216K, 0% used [0x00000000f7a00000,0x00000000f7a00000,0x00000000f8300000)
 ParOldGen       total 349696K, used 349693K [0x00000000e0000000, 0x00000000f5580000, 0x00000000f5580000)
  object space 349696K, 99% used [0x00000000e0000000,0x00000000f557f518,0x00000000f5580000)
 Metaspace       used 58468K, committed 59584K, reserved 1105920K
  class space    used 5843K, committed 6272K, reserved 1048576K
}
Event: 757.676 GC heap before
{Heap before GC invocations=659 (full 528):
 PSYoungGen      total 37376K, used 27647K [0x00000000f5580000, 0x00000000f8580000, 0x0000000100000000)
  eden space 27648K, 99% used [0x00000000f5580000,0x00000000f707fff0,0x00000000f7080000)
  from space 9728K, 0% used [0x00000000f7080000,0x00000000f7080000,0x00000000f7a00000)
  to   space 9216K, 0% used [0x00000000f7a00000,0x00000000f7a00000,0x00000000f8300000)
 ParOldGen       total 349696K, used 349693K [0x00000000e0000000, 0x00000000f5580000, 0x00000000f5580000)
  object space 349696K, 99% used [0x00000000e0000000,0x00000000f557f518,0x00000000f5580000)
 Metaspace       used 58468K, committed 59584K, reserved 1105920K
  class space    used 5843K, committed 6272K, reserved 1048576K
}
Event: 759.021 GC heap after
{Heap after GC invocations=659 (full 528):
 PSYoungGen      total 36864K, used 27647K [0x00000000f5580000, 0x00000000f8580000, 0x0000000100000000)
  eden space 27648K, 99% used [0x00000000f5580000,0x00000000f707fff0,0x00000000f7080000)
  from space 9216K, 0% used [0x00000000f7a00000,0x00000000f7a00000,0x00000000f8300000)
  to   space 9728K, 0% used [0x00000000f7080000,0x00000000f7080000,0x00000000f7a00000)
 ParOldGen       total 349696K, used 349693K [0x00000000e0000000, 0x00000000f5580000, 0x00000000f5580000)
  object space 349696K, 99% used [0x00000000e0000000,0x00000000f557f518,0x00000000f5580000)
 Metaspace       used 58468K, committed 59584K, reserved 1105920K
  class space    used 5843K, committed 6272K, reserved 1048576K
}
Event: 759.024 GC heap before
{Heap before GC invocations=660 (full 529):
 PSYoungGen      total 36864K, used 27647K [0x00000000f5580000, 0x00000000f8580000, 0x0000000100000000)
  eden space 27648K, 99% used [0x00000000f5580000,0x00000000f707fff0,0x00000000f7080000)
  from space 9216K, 0% used [0x00000000f7a00000,0x00000000f7a00000,0x00000000f8300000)
  to   space 9728K, 0% used [0x00000000f7080000,0x00000000f7080000,0x00000000f7a00000)
 ParOldGen       total 349696K, used 349695K [0x00000000e0000000, 0x00000000f5580000, 0x00000000f5580000)
  object space 349696K, 99% used [0x00000000e0000000,0x00000000f557fdb0,0x00000000f5580000)
 Metaspace       used 58468K, committed 59584K, reserved 1105920K
  class space    used 5843K, committed 6272K, reserved 1048576K
}
Event: 760.473 GC heap after
{Heap after GC invocations=660 (full 529):
 PSYoungGen      total 37376K, used 27647K [0x00000000f5580000, 0x00000000f8580000, 0x0000000100000000)
  eden space 27648K, 99% used [0x00000000f5580000,0x00000000f707ff90,0x00000000f7080000)
  from space 9728K, 0% used [0x00000000f7080000,0x00000000f7080000,0x00000000f7a00000)
  to   space 9216K, 0% used [0x00000000f7a00000,0x00000000f7a00000,0x00000000f8300000)
 ParOldGen       total 349696K, used 349695K [0x00000000e0000000, 0x00000000f5580000, 0x00000000f5580000)
  object space 349696K, 99% used [0x00000000e0000000,0x00000000f557fc18,0x00000000f5580000)
 Metaspace       used 58468K, committed 59584K, reserved 1105920K
  class space    used 5843K, committed 6272K, reserved 1048576K
}
Event: 760.474 GC heap before
{Heap before GC invocations=661 (full 530):
 PSYoungGen      total 37376K, used 27647K [0x00000000f5580000, 0x00000000f8580000, 0x0000000100000000)
  eden space 27648K, 99% used [0x00000000f5580000,0x00000000f707fff0,0x00000000f7080000)
  from space 9728K, 0% used [0x00000000f7080000,0x00000000f7080000,0x00000000f7a00000)
  to   space 9216K, 0% used [0x00000000f7a00000,0x00000000f7a00000,0x00000000f8300000)
 ParOldGen       total 349696K, used 349695K [0x00000000e0000000, 0x00000000f5580000, 0x00000000f5580000)
  object space 349696K, 99% used [0x00000000e0000000,0x00000000f557fc18,0x00000000f5580000)
 Metaspace       used 58468K, committed 59584K, reserved 1105920K
  class space    used 5843K, committed 6272K, reserved 1048576K
}
Event: 761.806 GC heap after
{Heap after GC invocations=661 (full 530):
 PSYoungGen      total 36864K, used 27647K [0x00000000f5580000, 0x00000000f8580000, 0x0000000100000000)
  eden space 27648K, 99% used [0x00000000f5580000,0x00000000f707fff0,0x00000000f7080000)
  from space 9216K, 0% used [0x00000000f7a00000,0x00000000f7a00000,0x00000000f8300000)
  to   space 9728K, 0% used [0x00000000f7080000,0x00000000f7080000,0x00000000f7a00000)
 ParOldGen       total 349696K, used 349695K [0x00000000e0000000, 0x00000000f5580000, 0x00000000f5580000)
  object space 349696K, 99% used [0x00000000e0000000,0x00000000f557fc00,0x00000000f5580000)
 Metaspace       used 58468K, committed 59584K, reserved 1105920K
  class space    used 5843K, committed 6272K, reserved 1048576K
}
Event: 761.806 GC heap before
{Heap before GC invocations=662 (full 531):
 PSYoungGen      total 36864K, used 27648K [0x00000000f5580000, 0x00000000f8580000, 0x0000000100000000)
  eden space 27648K, 100% used [0x00000000f5580000,0x00000000f7080000,0x00000000f7080000)
  from space 9216K, 0% used [0x00000000f7a00000,0x00000000f7a00000,0x00000000f8300000)
  to   space 9728K, 0% used [0x00000000f7080000,0x00000000f7080000,0x00000000f7a00000)
 ParOldGen       total 349696K, used 349695K [0x00000000e0000000, 0x00000000f5580000, 0x00000000f5580000)
  object space 349696K, 99% used [0x00000000e0000000,0x00000000f557ffc8,0x00000000f5580000)
 Metaspace       used 58468K, committed 59584K, reserved 1105920K
  class space    used 5843K, committed 6272K, reserved 1048576K
}
Event: 763.144 GC heap after
{Heap after GC invocations=662 (full 531):
 PSYoungGen      total 37376K, used 27647K [0x00000000f5580000, 0x00000000f8580000, 0x0000000100000000)
  eden space 27648K, 99% used [0x00000000f5580000,0x00000000f707fff0,0x00000000f7080000)
  from space 9728K, 0% used [0x00000000f7080000,0x00000000f7080000,0x00000000f7a00000)
  to   space 9216K, 0% used [0x00000000f7a00000,0x00000000f7a00000,0x00000000f8300000)
 ParOldGen       total 349696K, used 349695K [0x00000000e0000000, 0x00000000f5580000, 0x00000000f5580000)
  object space 349696K, 99% used [0x00000000e0000000,0x00000000f557fc78,0x00000000f5580000)
 Metaspace       used 58468K, committed 59584K, reserved 1105920K
  class space    used 5843K, committed 6272K, reserved 1048576K
}
Event: 763.144 GC heap before
{Heap before GC invocations=663 (full 532):
 PSYoungGen      total 37376K, used 27647K [0x00000000f5580000, 0x00000000f8580000, 0x0000000100000000)
  eden space 27648K, 99% used [0x00000000f5580000,0x00000000f707fff0,0x00000000f7080000)
  from space 9728K, 0% used [0x00000000f7080000,0x00000000f7080000,0x00000000f7a00000)
  to   space 9216K, 0% used [0x00000000f7a00000,0x00000000f7a00000,0x00000000f8300000)
 ParOldGen       total 349696K, used 349695K [0x00000000e0000000, 0x00000000f5580000, 0x00000000f5580000)
  object space 349696K, 99% used [0x00000000e0000000,0x00000000f557fc78,0x00000000f5580000)
 Metaspace       used 58468K, committed 59584K, reserved 1105920K
  class space    used 5843K, committed 6272K, reserved 1048576K
}
Event: 764.575 GC heap after
{Heap after GC invocations=663 (full 532):
 PSYoungGen      total 36864K, used 27647K [0x00000000f5580000, 0x00000000f8580000, 0x0000000100000000)
  eden space 27648K, 99% used [0x00000000f5580000,0x00000000f707fff0,0x00000000f7080000)
  from space 9216K, 0% used [0x00000000f7a00000,0x00000000f7a00000,0x00000000f8300000)
  to   space 9728K, 0% used [0x00000000f7080000,0x00000000f7080000,0x00000000f7a00000)
 ParOldGen       total 349696K, used 349695K [0x00000000e0000000, 0x00000000f5580000, 0x00000000f5580000)
  object space 349696K, 99% used [0x00000000e0000000,0x00000000f557fc78,0x00000000f5580000)
 Metaspace       used 58468K, committed 59584K, reserved 1105920K
  class space    used 5843K, committed 6272K, reserved 1048576K
}

Dll operation events (9 events):
Event: 0.002 Loaded shared library /nix/store/gpxl5qgg8kicmcvivwmybwjlpf7wh20l-graalvm17-ce-22.3.0/lib/libjava.so
Event: 0.006 Loaded shared library /nix/store/gpxl5qgg8kicmcvivwmybwjlpf7wh20l-graalvm17-ce-22.3.0/lib/libjsvml.so
Event: 0.194 Loaded shared library /nix/store/gpxl5qgg8kicmcvivwmybwjlpf7wh20l-graalvm17-ce-22.3.0/lib/libjvmcicompiler.so
Event: 0.196 Loaded shared library /nix/store/gpxl5qgg8kicmcvivwmybwjlpf7wh20l-graalvm17-ce-22.3.0/lib/libnio.so
Event: 0.207 Loaded shared library /nix/store/gpxl5qgg8kicmcvivwmybwjlpf7wh20l-graalvm17-ce-22.3.0/lib/libzip.so
Event: 0.587 Loaded shared library /nix/store/gpxl5qgg8kicmcvivwmybwjlpf7wh20l-graalvm17-ce-22.3.0/lib/libjimage.so
Event: 1.175 Loaded shared library /nix/store/gpxl5qgg8kicmcvivwmybwjlpf7wh20l-graalvm17-ce-22.3.0/lib/libnet.so
Event: 4.679 Loaded shared library /home/runner/.cache/jdt-language-server/config/org.eclipse.equinox.launcher/org.eclipse.equinox.launcher.gtk.linux.x86_64_1.2.400.v20211117-0650/eclipse_11600.so
Event: 13.282 Loaded shared library /nix/store/gpxl5qgg8kicmcvivwmybwjlpf7wh20l-graalvm17-ce-22.3.0/lib/libextnet.so

Deoptimization events (20 events):
Event: 62.896 Thread 0x00007f95b847fc30 DEOPT PACKING pc=0x00007f96048dfb85 sp=0x00007f95ca9fe530
Event: 62.896 Thread 0x00007f95b847fc30 DEOPT UNPACKING pc=0x00007f9603505325 sp=0x00007f95ca9fda20 mode 0
Event: 62.902 Thread 0x00007f95b847fc30 DEOPT PACKING pc=0x00007f96048dfb85 sp=0x00007f95ca9fe530
Event: 62.902 Thread 0x00007f95b847fc30 DEOPT UNPACKING pc=0x00007f9603505325 sp=0x00007f95ca9fda20 mode 0
Event: 62.903 Thread 0x00007f95b847fc30 DEOPT PACKING pc=0x00007f96048dfb85 sp=0x00007f95ca9fe530
Event: 62.903 Thread 0x00007f95b847fc30 DEOPT UNPACKING pc=0x00007f9603505325 sp=0x00007f95ca9fda20 mode 0
Event: 62.973 Thread 0x00007f95b847fc30 DEOPT PACKING pc=0x00007f96048dfb85 sp=0x00007f95ca9fe530
Event: 62.973 Thread 0x00007f95b847fc30 DEOPT UNPACKING pc=0x00007f9603505325 sp=0x00007f95ca9fda20 mode 0
Event: 386.037 Thread 0x00007f961c3f26f0 Uncommon trap: trap_request=0xffffffed fr.pc=0x00007f960b17e4b4 relative=0x0000000000000c74
Event: 386.037 Thread 0x00007f961c3f26f0 Uncommon trap: reason=null_assert_or_unreached0 action=reinterpret pc=0x00007f960b17e4b4 method=com.google.gson.stream.JsonReader.nextNonWhitespace(Z)I @ 312 jvmci
Event: 386.037 Thread 0x00007f961c3f26f0 DEOPT PACKING pc=0x00007f960b17e4b4 sp=0x00007f95ca3fdd50
Event: 386.037 Thread 0x00007f961c3f26f0 DEOPT UNPACKING pc=0x00007f9603505325 sp=0x00007f95ca3fd168 mode 3
Event: 409.917 Thread 0x00007f95884471e0 Uncommon trap: trap_request=0xffffffed fr.pc=0x00007f960b07b181 relative=0x0000000000000161
Event: 409.917 Thread 0x00007f95884471e0 Uncommon trap: reason=null_assert_or_unreached0 action=reinterpret pc=0x00007f960b07b181 method=java.util.concurrent.locks.AbstractQueuedSynchronizer.signalNext(Ljava/util/concurrent/locks/AbstractQueuedSynchronizer$Node;)V @ 17 jvmci
Event: 409.917 Thread 0x00007f95884471e0 DEOPT PACKING pc=0x00007f960b07b181 sp=0x00007f96005fe4e0
Event: 409.917 Thread 0x00007f95884471e0 DEOPT UNPACKING pc=0x00007f9603505325 sp=0x00007f96005fd8b0 mode 3
Event: 744.928 Thread 0x00007f9584038090 Uncommon trap: trap_request=0xffffffed fr.pc=0x00007f960b1a9f22 relative=0x0000000000000082
Event: 744.928 Thread 0x00007f9584038090 Uncommon trap: reason=null_assert_or_unreached0 action=reinterpret pc=0x00007f960b1a9f22 method=org.eclipse.jdt.internal.compiler.classfmt.MethodInfo.getExceptionTypeNames()[[C @ 4 jvmci
Event: 744.928 Thread 0x00007f9584038090 DEOPT PACKING pc=0x00007f960b1a9f22 sp=0x00007f95cadfd840
Event: 744.928 Thread 0x00007f9584038090 DEOPT UNPACKING pc=0x00007f9603505325 sp=0x00007f95cadfcce0 mode 3

Classes unloaded (20 events):
Event: 104.283 Thread 0x00007f961c0a1c10 Unloading class 0x0000000800edc000 'jdk/internal/reflect/GeneratedConstructorAccessor8'
Event: 104.283 Thread 0x00007f961c0a1c10 Unloading class 0x0000000800d99000 'java/lang/invoke/LambdaForm$MH+0x0000000800d99000'
Event: 104.283 Thread 0x00007f961c0a1c10 Unloading class 0x0000000800d98c00 'java/lang/invoke/LambdaForm$MH+0x0000000800d98c00'
Event: 104.283 Thread 0x00007f961c0a1c10 Unloading class 0x0000000800d98800 'java/lang/invoke/LambdaForm$MH+0x0000000800d98800'
Event: 104.283 Thread 0x00007f961c0a1c10 Unloading class 0x0000000800d98400 'java/lang/invoke/LambdaForm$MH+0x0000000800d98400'
Event: 104.283 Thread 0x00007f961c0a1c10 Unloading class 0x0000000800d98000 'jdk/internal/reflect/GeneratedConstructorAccessor3'
Event: 104.283 Thread 0x00007f961c0a1c10 Unloading class 0x0000000800d06800 'java/lang/invoke/LambdaForm$MH+0x0000000800d06800'
Event: 104.283 Thread 0x00007f961c0a1c10 Unloading class 0x0000000800d06000 'java/lang/invoke/LambdaForm$MH+0x0000000800d06000'
Event: 104.283 Thread 0x00007f961c0a1c10 Unloading class 0x0000000800d05c00 'java/lang/invoke/LambdaForm$MH+0x0000000800d05c00'
Event: 104.283 Thread 0x00007f961c0a1c10 Unloading class 0x0000000800d05800 'java/lang/invoke/LambdaForm$MH+0x0000000800d05800'
Event: 104.283 Thread 0x00007f961c0a1c10 Unloading class 0x0000000800d05000 'java/lang/invoke/LambdaForm$MH+0x0000000800d05000'
Event: 104.283 Thread 0x00007f961c0a1c10 Unloading class 0x0000000800d04c00 'java/lang/invoke/LambdaForm$MH+0x0000000800d04c00'
Event: 104.283 Thread 0x00007f961c0a1c10 Unloading class 0x0000000800d04800 'java/lang/invoke/LambdaForm$MH+0x0000000800d04800'
Event: 104.283 Thread 0x00007f961c0a1c10 Unloading class 0x0000000800d04000 'java/lang/invoke/LambdaForm$MH+0x0000000800d04000'
Event: 104.283 Thread 0x00007f961c0a1c10 Unloading class 0x0000000800c1d000 'jdk/internal/reflect/GeneratedMethodAccessor5'
Event: 104.283 Thread 0x00007f961c0a1c10 Unloading class 0x0000000800c1cc00 'jdk/internal/reflect/GeneratedMethodAccessor4'
Event: 104.283 Thread 0x00007f961c0a1c10 Unloading class 0x0000000800c1c800 'jdk/internal/reflect/GeneratedMethodAccessor3'
Event: 104.283 Thread 0x00007f961c0a1c10 Unloading class 0x0000000800c1c400 'jdk/internal/reflect/GeneratedMethodAccessor2'
Event: 104.283 Thread 0x00007f961c0a1c10 Unloading class 0x0000000800c1c000 'jdk/internal/reflect/GeneratedMethodAccessor1'
Event: 104.283 Thread 0x00007f961c0a1c10 Unloading class 0x0000000800c01c00 'java/lang/invoke/LambdaForm$DMH+0x0000000800c01c00'

Classes redefined (0 events):
No events

Internal exceptions (20 events):
Event: 36.812 Thread 0x00007f9588000ff0 Exception <a 'java/lang/NoSuchMethodError'{0x00000000f58ef788}: static [J.<clinit>()V> (0x00000000f58ef788) 
thrown [src/hotspot/share/prims/jni.cpp, line 1107]
Event: 40.283 Thread 0x00007f9588000ff0 Exception <a 'java/lang/NoSuchMethodError'{0x00000000f5738498}: 'java.lang.Object java.lang.invoke.DirectMethodHandle$Holder.invokeStatic(java.lang.Object, java.lang.Object, java.lang.Object, long)'> (0x00000000f5738498) 
thrown [src/hotspot/share/interpreter/linkResolver.cpp, line 758]
Event: 40.285 Thread 0x00007f9588000ff0 Exception <a 'java/lang/NoSuchMethodError'{0x00000000f577ca70}: 'java.lang.Object java.lang.invoke.DirectMethodHandle$Holder.newInvokeSpecial(java.lang.Object, java.lang.Object, java.lang.Object, long)'> (0x00000000f577ca70) 
thrown [src/hotspot/share/interpreter/linkResolver.cpp, line 758]
Event: 40.285 Thread 0x00007f9588000ff0 Exception <a 'java/lang/NoSuchMethodError'{0x00000000f5780b88}: 'java.lang.Object java.lang.invoke.DirectMethodHandle$Holder.invokeSpecial(java.lang.Object, java.lang.Object, java.lang.Object, java.lang.Object, long)'> (0x00000000f5780b88) 
thrown [src/hotspot/share/interpreter/linkResolver.cpp, line 758]
Event: 40.286 Thread 0x00007f9588000ff0 Exception <a 'java/lang/NoSuchMethodError'{0x00000000f57844b0}: 'java.lang.Object java.lang.invoke.Invokers$Holder.linkToTargetMethod(java.lang.Object, java.lang.Object, long, java.lang.Object)'> (0x00000000f57844b0) 
thrown [src/hotspot/share/interpreter/linkResolver.cpp, line 758]
Event: 40.374 Thread 0x00007f9588000ff0 Exception <a 'java/io/FileNotFoundException'{0x00000000f57b70b0}> (0x00000000f57b70b0) 
thrown [src/hotspot/share/prims/jni.cpp, line 516]
Event: 40.496 Thread 0x00007f95a0000ff0 Exception <a 'java/lang/NoSuchMethodError'{0x00000000f5ec4e70}: 'java.lang.Object java.lang.invoke.DirectMethodHandle$Holder.newInvokeSpecial(java.lang.Object, java.lang.Object, int, java.lang.Object, java.lang.Object)'> (0x00000000f5ec4e70) 
thrown [src/hotspot/share/interpreter/linkResolver.cpp, line 758]
Event: 40.496 Thread 0x00007f95a0000ff0 Exception <a 'java/lang/NoSuchMethodError'{0x00000000f5eca388}: 'java.lang.Object java.lang.invoke.DirectMethodHandle$Holder.invokeSpecial(java.lang.Object, java.lang.Object, java.lang.Object, int, java.lang.Object, java.lang.Object)'> (0x00000000f5eca388) 
thrown [src/hotspot/share/interpreter/linkResolver.cpp, line 758]
Event: 40.874 Thread 0x00007f95a0000ff0 Exception <a 'java/lang/NoSuchMethodError'{0x00000000f56c7f48}: 'java.lang.Object java.lang.invoke.DirectMethodHandle$Holder.newInvokeSpecial(java.lang.Object, java.lang.Object, java.lang.Object, int, java.lang.Object)'> (0x00000000f56c7f48) 
thrown [src/hotspot/share/interpreter/linkResolver.cpp, line 758]
Event: 40.876 Thread 0x00007f95a0000ff0 Exception <a 'java/lang/NoSuchMethodError'{0x00000000f571f388}: 'java.lang.Object java.lang.invoke.DirectMethodHandle$Holder.invokeSpecial(java.lang.Object, java.lang.Object, java.lang.Object, java.lang.Object, int, java.lang.Object)'> (0x00000000f571f388) 
thrown [src/hotspot/share/interpreter/linkResolver.cpp, line 758]
Event: 40.876 Thread 0x00007f95a0000ff0 Exception <a 'java/lang/NoSuchMethodError'{0x00000000f57230f8}: 'java.lang.Object java.lang.invoke.Invokers$Holder.linkToTargetMethod(java.lang.Object, java.lang.Object, int, java.lang.Object, java.lang.Object)'> (0x00000000f57230f8) 
thrown [src/hotspot/share/interpreter/linkResolver.cpp, line 758]
Event: 42.696 Thread 0x00007f95841110a0 Implicit null exception at 0x00007f960b175322 to 0x00007f960b1756b2
Event: 43.377 Thread 0x00007f95841110a0 Implicit null exception at 0x00007f960b0b3de9 to 0x00007f960b0b3f9b
Event: 45.972 Thread 0x00007f95841110a0 Exception <a 'java/lang/NoSuchMethodError'{0x00000000f611e2d8}: 'java.lang.Object java.lang.invoke.DirectMethodHandle$Holder.invokeStatic(java.lang.Object, int, java.lang.Object, java.lang.Object, java.lang.Object, java.lang.Object)'> (0x00000000f611e2d8) 
thrown [src/hotspot/share/interpreter/linkResolver.cpp, line 758]
Event: 45.982 Thread 0x00007f95841110a0 Exception <a 'java/lang/NoSuchMethodError'{0x00000000f61267f8}: 'java.lang.Object java.lang.invoke.DirectMethodHandle$Holder.newInvokeSpecial(java.lang.Object, int, java.lang.Object, java.lang.Object, java.lang.Object)'> (0x00000000f61267f8) 
thrown [src/hotspot/share/interpreter/linkResolver.cpp, line 758]
Event: 46.198 Thread 0x00007f95841110a0 Exception <a 'java/lang/NoSuchMethodError'{0x00000000f5a37a18}: 'void java.lang.invoke.DirectMethodHandle$Holder.invokeSpecial(java.lang.Object, java.lang.Object, int)'> (0x00000000f5a37a18) 
thrown [src/hotspot/share/interpreter/linkResolver.cpp, line 758]
Event: 46.796 Thread 0x00007f95841110a0 Exception <a 'java/lang/NoSuchMethodError'{0x00000000f5e90c48}: 'int java.lang.invoke.DirectMethodHandle$Holder.invokeSpecialIFC(java.lang.Object, java.lang.Object, java.lang.Object, java.lang.Object)'> (0x00000000f5e90c48) 
thrown [src/hotspot/share/interpreter/linkResolver.cpp, line 758]
Event: 47.608 Thread 0x00007f95b847fc30 Implicit null exception at 0x00007f960b17b435 to 0x00007f960b17b961
Event: 740.827 Thread 0x00007f958409c420 Exception <a 'java/lang/OutOfMemoryError'{0x00000000e0003d80}> (0x00000000e0003d80) 
thrown [src/hotspot/share/gc/shared/memAllocator.cpp, line 136]
Event: 764.587 Thread 0x00007f961c0b21e0 Exception <a 'java/lang/OutOfMemoryError'{0x00000000e0004050}> (0x00000000e0004050) 
thrown [src/hotspot/share/gc/shared/memAllocator.cpp, line 136]

VM Operations (20 events):
Event: 749.434 Executing VM operation: ParallelGCFailedAllocation
Event: 750.781 Executing VM operation: ParallelGCFailedAllocation done
Event: 750.781 Executing VM operation: ParallelGCFailedAllocation
Event: 752.240 Executing VM operation: ParallelGCFailedAllocation done
Event: 752.241 Executing VM operation: ParallelGCFailedAllocation
Event: 753.532 Executing VM operation: ParallelGCFailedAllocation done
Event: 753.532 Executing VM operation: ParallelGCFailedAllocation
Event: 754.981 Executing VM operation: ParallelGCFailedAllocation done
Event: 754.981 Executing VM operation: ParallelGCFailedAllocation
Event: 756.248 Executing VM operation: ParallelGCFailedAllocation done
Event: 756.248 Executing VM operation: ParallelGCFailedAllocation
Event: 757.675 Executing VM operation: ParallelGCFailedAllocation done
Event: 757.676 Executing VM operation: ParallelGCFailedAllocation
Event: 759.021 Executing VM operation: ParallelGCFailedAllocation done
Event: 759.022 Executing VM operation: ParallelGCFailedAllocation
Event: 760.473 Executing VM operation: ParallelGCFailedAllocation done
Event: 760.474 Executing VM operation: ParallelGCFailedAllocation
Event: 761.806 Executing VM operation: ParallelGCFailedAllocation done
Event: 761.806 Executing VM operation: ParallelGCFailedAllocation
Event: 764.576 Executing VM operation: ParallelGCFailedAllocation done

Events (20 events):
Event: 332.993 Protecting memory [0x00007f95cad00000,0x00007f95cad04000] with protection modes 0
Event: 369.198 loading class java/io/InterruptedIOException
Event: 373.176 loading class java/io/InterruptedIOException done
Event: 374.487 loading class javax/net/ssl/SSLException
Event: 374.487 loading class javax/net/ssl/SSLException done
Event: 374.487 loading class java/lang/AssertionError
Event: 374.488 Thread 0x00007f9584114790 Thread added: 0x00007f9584114790
Event: 374.488 Protecting memory [0x00007f95c9f00000,0x00007f95c9f04000] with protection modes 0
Event: 375.691 loading class java/lang/AssertionError done
Event: 409.918 Thread 0x00007f95884471e0 Thread exited: 0x00007f95884471e0
Event: 416.803 Thread 0x00007f958409bc10 Thread added: 0x00007f958409bc10
Event: 416.803 Protecting memory [0x00007f9600500000,0x00007f9600504000] with protection modes 0
Event: 420.618 Thread 0x00007f95a4005f10 Thread exited: 0x00007f95a4005f10
Event: 434.293 Thread 0x00007f9588447c50 Thread exited: 0x00007f9588447c50
Event: 505.198 Thread 0x00007f958409c420 Thread added: 0x00007f958409c420
Event: 505.198 Protecting memory [0x00007f9600a00000,0x00007f9600a04000] with protection modes 0
Event: 740.827 loading class java/util/concurrent/CompletionException
Event: 740.828 loading class java/util/concurrent/CompletionException done
Event: 740.828 loading class java/util/concurrent/CancellationException
Event: 740.828 loading class java/util/concurrent/CancellationException done


Dynamic libraries:
e0000000-f5580000 rw-p 00000000 00:00 0 
f5580000-f8580000 rw-p 00000000 00:00 0 
f8580000-100000000 ---p 00000000 00:00 0 
800000000-800449000 rw-p 00001000 00:2025 4611686019135357769            /nix/store/gpxl5qgg8kicmcvivwmybwjlpf7wh20l-graalvm17-ce-22.3.0/lib/server/classes.jsa
800449000-800bc8000 r--p 0044a000 00:2025 4611686019135357769            /nix/store/gpxl5qgg8kicmcvivwmybwjlpf7wh20l-graalvm17-ce-22.3.0/lib/server/classes.jsa
800bc8000-800c00000 ---p 00000000 00:00 0 
800c00000-800c20000 rw-p 00000000 00:00 0 
800c20000-800c40000 rw-p 00000000 00:00 0 
800c40000-800cc0000 rw-p 00000000 00:00 0 
800cc0000-800d00000 rw-p 00000000 00:00 0 
800d00000-800dc0000 rw-p 00000000 00:00 0 
800dc0000-800e00000 rw-p 00000000 00:00 0 
800e00000-800f40000 rw-p 00000000 00:00 0 
800f40000-800fc0000 rw-p 00000000 00:00 0 
800fc0000-800ff0000 rw-p 00000000 00:00 0 
800ff0000-801000000 ---p 00000000 00:00 0 
801000000-801230000 rw-p 00000000 00:00 0 
801230000-840c00000 ---p 00000000 00:00 0 
55756e3d4000-55756e3d5000 r-xp 00000000 00:2025 4611686019099417844      /nix/store/gpxl5qgg8kicmcvivwmybwjlpf7wh20l-graalvm17-ce-22.3.0/bin/.java-wrapped
55756e3d6000-55756e3d7000 r--p 00001000 00:2025 4611686019099417844      /nix/store/gpxl5qgg8kicmcvivwmybwjlpf7wh20l-graalvm17-ce-22.3.0/bin/.java-wrapped
55756e3d7000-55756e3d8000 rw-p 00002000 00:2025 4611686019099417844      /nix/store/gpxl5qgg8kicmcvivwmybwjlpf7wh20l-graalvm17-ce-22.3.0/bin/.java-wrapped
55756e3d8000-55756e3d9000 rw-p 00004000 00:2025 4611686019099417844      /nix/store/gpxl5qgg8kicmcvivwmybwjlpf7wh20l-graalvm17-ce-22.3.0/bin/.java-wrapped
55756e3d9000-55756e3da000 rw-p 00005000 00:2025 4611686019099417844      /nix/store/gpxl5qgg8kicmcvivwmybwjlpf7wh20l-graalvm17-ce-22.3.0/bin/.java-wrapped
55756ec55000-55756ec9d000 rw-p 00000000 00:00 0                          [heap]
7f955c000000-7f955c021000 rw-p 00000000 00:00 0 
7f955c021000-7f9560000000 ---p 00000000 00:00 0 
7f9560000000-7f95602b6000 rw-p 00000000 00:00 0 
7f95602b6000-7f9564000000 ---p 00000000 00:00 0 
7f9564000000-7f9564021000 rw-p 00000000 00:00 0 
7f9564021000-7f9568000000 ---p 00000000 00:00 0 
7f9568000000-7f9568021000 rw-p 00000000 00:00 0 
7f9568021000-7f956c000000 ---p 00000000 00:00 0 
7f956c000000-7f956c021000 rw-p 00000000 00:00 0 
7f956c021000-7f9570000000 ---p 00000000 00:00 0 
7f9571400000-7f95718b0000 rw-p 00000000 00:00 0 
7f95718b0000-7f9571c00000 ---p 00000000 00:00 0 
7f9571c00000-7f9571f00000 rw-p 00000000 00:00 0 
7f9571f00000-7f9571f60000 rw-p 00000000 00:00 0 
7f9571f60000-7f9572000000 ---p 00000000 00:00 0 
7f9572000000-7f9572400000 rw-p 00000000 00:00 0 
7f95724b3000-7f957c000000 r--s 00000000 00:2025 4611686019135192581      /nix/store/gpxl5qgg8kicmcvivwmybwjlpf7wh20l-graalvm17-ce-22.3.0/lib/modules
7f957c000000-7f957c024000 rw-p 00000000 00:00 0 
7f957c024000-7f9580000000 ---p 00000000 00:00 0 
7f9580000000-7f9580021000 rw-p 00000000 00:00 0 
7f9580021000-7f9584000000 ---p 00000000 00:00 0 
7f9584000000-7f95841bd000 rw-p 00000000 00:00 0 
7f95841bd000-7f9588000000 ---p 00000000 00:00 0 
7f9588000000-7f9588521000 rw-p 00000000 00:00 0 
7f9588521000-7f958c000000 ---p 00000000 00:00 0 
7f958c000000-7f958c021000 rw-p 00000000 00:00 0 
7f958c021000-7f9590000000 ---p 00000000 00:00 0 
7f9590000000-7f9590021000 rw-p 00000000 00:00 0 
7f9590021000-7f9594000000 ---p 00000000 00:00 0 
7f9594000000-7f959405b000 rw-p 00000000 00:00 0 
7f959405b000-7f9598000000 ---p 00000000 00:00 0 
7f9598000000-7f9598058000 rw-p 00000000 00:00 0 
7f9598058000-7f959c000000 ---p 00000000 00:00 0 
7f959c000000-7f959c351000 rw-p 00000000 00:00 0 
7f959c351000-7f95a0000000 ---p 00000000 00:00 0 
7f95a0000000-7f95a0113000 rw-p 00000000 00:00 0 
7f95a0113000-7f95a4000000 ---p 00000000 00:00 0 
7f95a4000000-7f95a4021000 rw-p 00000000 00:00 0 
7f95a4021000-7f95a8000000 ---p 00000000 00:00 0 
7f95a8000000-7f95a8021000 rw-p 00000000 00:00 0 
7f95a8021000-7f95ac000000 ---p 00000000 00:00 0 
7f95ac000000-7f95ac02d000 rw-p 00000000 00:00 0 
7f95ac02d000-7f95b0000000 ---p 00000000 00:00 0 
7f95b0000000-7f95b0021000 rw-p 00000000 00:00 0 
7f95b0021000-7f95b4000000 ---p 00000000 00:00 0 
7f95b4000000-7f95b4021000 rw-p 00000000 00:00 0 
7f95b4021000-7f95b8000000 ---p 00000000 00:00 0 
7f95b8000000-7f95b88d3000 rw-p 00000000 00:00 0 
7f95b88d3000-7f95bc000000 ---p 00000000 00:00 0 
7f95bc000000-7f95bc021000 rw-p 00000000 00:00 0 
7f95bc021000-7f95c0000000 ---p 00000000 00:00 0 
7f95c1400000-7f95c1700000 rw-p 00000000 00:00 0 
7f95c1700000-7f95c1800000 rw-p 00000000 00:00 0 
7f95c1800000-7f95c1c00000 rw-p 00000000 00:00 0 
7f95c1c00000-7f95c1d00000 rw-p 00000000 00:00 0 
7f95c1d00000-7f95c1f00000 rw-p 00000000 00:00 0 
7f95c1f00000-7f95c2000000 rw-p 00000000 00:00 0 
7f95c2000000-7f95c2100000 rw-p 00000000 00:00 0 
7f95c2100000-7f95c2200000 rw-p 00000000 00:00 0 
7f95c2200000-7f95c2400000 rw-p 00000000 00:00 0 
7f95c2400000-7f95c2500000 rw-p 00000000 00:00 0 
7f95c2500000-7f95c2600000 rw-p 00000000 00:00 0 
7f95c2600000-7f95c2b00000 rw-p 00000000 00:00 0 
7f95c2b00000-7f95c2c00000 rw-p 00000000 00:00 0 
7f95c2c00000-7f95c2d00000 rw-p 00000000 00:00 0 
7f95c2d00000-7f95c2e00000 rw-p 00000000 00:00 0 
7f95c2e00000-7f95c3100000 rw-p 00000000 00:00 0 
7f95c3100000-7f95c3200000 rw-p 00000000 00:00 0 
7f95c3200000-7f95c3400000 rw-p 00000000 00:00 0 
7f95c3400000-7f95c3410000 r-xp 00000000 00:201f 356                      /home/runner/.cache/jdt-language-server/config/org.eclipse.equinox.launcher/org.eclipse.equinox.launcher.gtk.linux.x86_64_1.2.400.v20211117-0650/eclipse_11600.so
7f95c3410000-7f95c360f000 ---p 00010000 00:201f 356                      /home/runner/.cache/jdt-language-server/config/org.eclipse.equinox.launcher/org.eclipse.equinox.launcher.gtk.linux.x86_64_1.2.400.v20211117-0650/eclipse_11600.so
7f95c360f000-7f95c3610000 r--p 0000f000 00:201f 356                      /home/runner/.cache/jdt-language-server/config/org.eclipse.equinox.launcher/org.eclipse.equinox.launcher.gtk.linux.x86_64_1.2.400.v20211117-0650/eclipse_11600.so
7f95c3610000-7f95c3611000 rw-p 00010000 00:201f 356                      /home/runner/.cache/jdt-language-server/config/org.eclipse.equinox.launcher/org.eclipse.equinox.launcher.gtk.linux.x86_64_1.2.400.v20211117-0650/eclipse_11600.so
7f95c4000000-7f95c4021000 rw-p 00000000 00:00 0 
7f95c4021000-7f95c8000000 ---p 00000000 00:00 0 
7f95c8b00000-7f95c8c00000 ---p 00000000 00:00 0 
7f95c8c00000-7f95c91af000 r--p 01122000 00:2025 4611686019135190040      /nix/store/gpxl5qgg8kicmcvivwmybwjlpf7wh20l-graalvm17-ce-22.3.0/lib/libjvmcicompiler.so
7f95c91af000-7f95c9300000 r--p 00000000 00:00 0 
7f95c9300000-7f95c933d000 rw-p 00000000 00:00 0 
7f95c933d000-7f95c985d000 rw-p 0185f000 00:2025 4611686019135190040      /nix/store/gpxl5qgg8kicmcvivwmybwjlpf7wh20l-graalvm17-ce-22.3.0/lib/libjvmcicompiler.so
7f95c985d000-7f95c9c44000 r--p 01d7f000 00:2025 4611686019135190040      /nix/store/gpxl5qgg8kicmcvivwmybwjlpf7wh20l-graalvm17-ce-22.3.0/lib/libjvmcicompiler.so
7f95c9d00000-7f95c9d04000 ---p 00000000 00:00 0 
7f95c9d04000-7f95c9e00000 rw-p 00000000 00:00 0 
7f95c9f00000-7f95c9f04000 ---p 00000000 00:00 0 
7f95c9f04000-7f95ca000000 rw-p 00000000 00:00 0 
7f95ca100000-7f95ca104000 ---p 00000000 00:00 0 
7f95ca104000-7f95ca200000 rw-p 00000000 00:00 0 
7f95ca300000-7f95ca304000 ---p 00000000 00:00 0 
7f95ca304000-7f95ca400000 rw-p 00000000 00:00 0 
7f95ca500000-7f95ca504000 ---p 00000000 00:00 0 
7f95ca504000-7f95ca600000 rw-p 00000000 00:00 0 
7f95ca700000-7f95ca704000 ---p 00000000 00:00 0 
7f95ca704000-7f95ca800000 rw-p 00000000 00:00 0 
7f95ca900000-7f95ca904000 ---p 00000000 00:00 0 
7f95ca904000-7f95caa00000 rw-p 00000000 00:00 0 
7f95caa00000-7f95caa04000 ---p 00000000 00:00 0 
7f95caa04000-7f95cab00000 rw-p 00000000 00:00 0 
7f95cab00000-7f95cab04000 ---p 00000000 00:00 0 
7f95cab04000-7f95cac00000 rw-p 00000000 00:00 0 
7f95cad00000-7f95cad04000 ---p 00000000 00:00 0 
7f95cad04000-7f95cae00000 rw-p 00000000 00:00 0 
7f95cba68000-7f95cbf00000 rw-p 00000000 00:00 0 
7f95cc000000-7f95cc021000 rw-p 00000000 00:00 0 
7f95cc021000-7f95d0000000 ---p 00000000 00:00 0 
7f95d0000000-7f95d0021000 rw-p 00000000 00:00 0 
7f95d0021000-7f95d4000000 ---p 00000000 00:00 0 
7f95d4000000-7f95d4021000 rw-p 00000000 00:00 0 
7f95d4021000-7f95d8000000 ---p 00000000 00:00 0 
7f95d8000000-7f95d8021000 rw-p 00000000 00:00 0 
7f95d8021000-7f95dc000000 ---p 00000000 00:00 0 
7f95dc000000-7f95dc0dc000 rw-p 00000000 00:00 0 
7f95dc0dc000-7f95e0000000 ---p 00000000 00:00 0 
7f95e0000000-7f95e0b7f000 rw-p 00000000 00:00 0 
7f95e0b7f000-7f95e4000000 ---p 00000000 00:00 0 
7f95e4000000-7f95e4021000 rw-p 00000000 00:00 0 
7f95e4021000-7f95e8000000 ---p 00000000 00:00 0 
7f95e8000000-7f95e8021000 rw-p 00000000 00:00 0 
7f95e8021000-7f95ec000000 ---p 00000000 00:00 0 
7f95ec000000-7f95ec021000 rw-p 00000000 00:00 0 
7f95ec021000-7f95f0000000 ---p 00000000 00:00 0 
7f95f0000000-7f95f0021000 rw-p 00000000 00:00 0 
7f95f0021000-7f95f4000000 ---p 00000000 00:00 0 
7f95f4000000-7f95f4021000 rw-p 00000000 00:00 0 
7f95f4021000-7f95f8000000 ---p 00000000 00:00 0 
7f95f8000000-7f95f8021000 rw-p 00000000 00:00 0 
7f95f8021000-7f95fc000000 ---p 00000000 00:00 0 
7f95fc000000-7f95fc09e000 rw-p 00000000 00:00 0 
7f95fc09e000-7f9600004000 ---p 00000000 00:00 0 
7f9600004000-7f9600100000 rw-p 00000000 00:00 0 
7f9600100000-7f9600104000 ---p 00000000 00:00 0 
7f9600104000-7f9600200000 rw-p 00000000 00:00 0 
7f9600200000-7f9600204000 ---p 00000000 00:00 0 
7f9600204000-7f9600300000 rw-p 00000000 00:00 0 
7f9600300000-7f9600304000 ---p 00000000 00:00 0 
7f9600304000-7f9600400000 rw-p 00000000 00:00 0 
7f9600500000-7f9600504000 ---p 00000000 00:00 0 
7f9600504000-7f9600600000 rw-p 00000000 00:00 0 
7f9600700000-7f9600704000 ---p 00000000 00:00 0 
7f9600704000-7f9600800000 rw-p 00000000 00:00 0 
7f9600800000-7f9600804000 ---p 00000000 00:00 0 
7f9600804000-7f9600900000 rw-p 00000000 00:00 0 
7f9600900000-7f9600904000 ---p 00000000 00:00 0 
7f9600904000-7f9600a00000 rw-p 00000000 00:00 0 
7f9600a00000-7f9600a04000 ---p 00000000 00:00 0 
7f9600a04000-7f9600b00000 rw-p 00000000 00:00 0 
7f9600b00000-7f9600b04000 ---p 00000000 00:00 0 
7f9600b04000-7f9600c00000 rw-p 00000000 00:00 0 
7f9600c00000-7f9600c04000 ---p 00000000 00:00 0 
7f9600c04000-7f9600d00000 rw-p 00000000 00:00 0 
7f9600d00000-7f9600d04000 ---p 00000000 00:00 0 
7f9600d04000-7f9600e00000 rw-p 00000000 00:00 0 
7f9600e00000-7f9602f6a000 r-xp 00000000 00:2025 4611686019135190040      /nix/store/gpxl5qgg8kicmcvivwmybwjlpf7wh20l-graalvm17-ce-22.3.0/lib/libjvmcicompiler.so
7f9602f6a000-7f9603169000 ---p 0216a000 00:2025 4611686019135190040      /nix/store/gpxl5qgg8kicmcvivwmybwjlpf7wh20l-graalvm17-ce-22.3.0/lib/libjvmcicompiler.so
7f9603169000-7f960316a000 r--p 02169000 00:2025 4611686019135190040      /nix/store/gpxl5qgg8kicmcvivwmybwjlpf7wh20l-graalvm17-ce-22.3.0/lib/libjvmcicompiler.so
7f960316a000-7f960316c000 rw-p 0216a000 00:2025 4611686019135190040      /nix/store/gpxl5qgg8kicmcvivwmybwjlpf7wh20l-graalvm17-ce-22.3.0/lib/libjvmcicompiler.so
7f960316c000-7f960316d000 rw-p 00000000 00:00 0 
7f960316d000-7f9603172000 rw-p 023c3000 00:2025 4611686019135190040      /nix/store/gpxl5qgg8kicmcvivwmybwjlpf7wh20l-graalvm17-ce-22.3.0/lib/libjvmcicompiler.so
7f9603174000-7f9603178000 ---p 00000000 00:00 0 
7f9603178000-7f9603196000 rw-p 00000000 00:00 0 
7f9603196000-7f96031ab000 r-xp 00000000 00:2025 4611686019135192570      /nix/store/gpxl5qgg8kicmcvivwmybwjlpf7wh20l-graalvm17-ce-22.3.0/lib/libnet.so
7f96031ab000-7f96031ac000 ---p 00015000 00:2025 4611686019135192570      /nix/store/gpxl5qgg8kicmcvivwmybwjlpf7wh20l-graalvm17-ce-22.3.0/lib/libnet.so
7f96031ac000-7f96031ad000 r--p 00015000 00:2025 4611686019135192570      /nix/store/gpxl5qgg8kicmcvivwmybwjlpf7wh20l-graalvm17-ce-22.3.0/lib/libnet.so
7f96031ad000-7f96031ae000 rw-p 00016000 00:2025 4611686019135192570      /nix/store/gpxl5qgg8kicmcvivwmybwjlpf7wh20l-graalvm17-ce-22.3.0/lib/libnet.so
7f96031ae000-7f96031b1000 rw-p 0001b000 00:2025 4611686019135192570      /nix/store/gpxl5qgg8kicmcvivwmybwjlpf7wh20l-graalvm17-ce-22.3.0/lib/libnet.so
7f96031b1000-7f96031b2000 ---p 00000000 00:00 0 
7f96031b2000-7f96032b3000 rw-p 00000000 00:00 0 
7f96032b3000-7f96032b7000 ---p 00000000 00:00 0 
7f96032b7000-7f96033b3000 rw-p 00000000 00:00 0 
7f96033b3000-7f96033b7000 ---p 00000000 00:00 0 
7f96033b7000-7f96034b3000 rw-p 00000000 00:00 0 
7f96034b3000-7f9603723000 rwxp 00000000 00:00 0 
7f9603723000-7f9603a42000 ---p 00000000 00:00 0 
7f9603a42000-7f9604962000 rwxp 00000000 00:00 0 
7f9604962000-7f960af7a000 ---p 00000000 00:00 0 
7f960af7a000-7f960b20a000 rwxp 00000000 00:00 0 
7f960b20a000-7f96124b3000 ---p 00000000 00:00 0 
7f96124b3000-7f961c000000 r--s 00000000 00:2025 4611686019135192581      /nix/store/gpxl5qgg8kicmcvivwmybwjlpf7wh20l-graalvm17-ce-22.3.0/lib/modules
7f961c000000-7f961c633000 rw-p 00000000 00:00 0 
7f961c633000-7f9620000000 ---p 00000000 00:00 0 
7f9620009000-7f962000b000 r-xp 00000000 00:2025 4611686019135190017      /nix/store/gpxl5qgg8kicmcvivwmybwjlpf7wh20l-graalvm17-ce-22.3.0/lib/libextnet.so
7f962000b000-7f962000c000 r--p 00001000 00:2025 4611686019135190017      /nix/store/gpxl5qgg8kicmcvivwmybwjlpf7wh20l-graalvm17-ce-22.3.0/lib/libextnet.so
7f962000c000-7f962000d000 rw-p 00002000 00:2025 4611686019135190017      /nix/store/gpxl5qgg8kicmcvivwmybwjlpf7wh20l-graalvm17-ce-22.3.0/lib/libextnet.so
7f962000d000-7f962000e000 rw-p 00004000 00:2025 4611686019135190017      /nix/store/gpxl5qgg8kicmcvivwmybwjlpf7wh20l-graalvm17-ce-22.3.0/lib/libextnet.so
7f962000e000-7f9620015000 r-xp 00000000 00:2025 4611686019135192580      /nix/store/gpxl5qgg8kicmcvivwmybwjlpf7wh20l-graalvm17-ce-22.3.0/lib/libzip.so
7f9620015000-7f9620016000 ---p 00007000 00:2025 4611686019135192580      /nix/store/gpxl5qgg8kicmcvivwmybwjlpf7wh20l-graalvm17-ce-22.3.0/lib/libzip.so
7f9620016000-7f9620017000 r--p 00007000 00:2025 4611686019135192580      /nix/store/gpxl5qgg8kicmcvivwmybwjlpf7wh20l-graalvm17-ce-22.3.0/lib/libzip.so
7f9620017000-7f9620018000 rw-p 00008000 00:2025 4611686019135192580      /nix/store/gpxl5qgg8kicmcvivwmybwjlpf7wh20l-graalvm17-ce-22.3.0/lib/libzip.so
7f9620018000-7f962001a000 rw-p 0000b000 00:2025 4611686019135192580      /nix/store/gpxl5qgg8kicmcvivwmybwjlpf7wh20l-graalvm17-ce-22.3.0/lib/libzip.so
7f962001a000-7f962001e000 ---p 00000000 00:00 0 
7f962001e000-7f962011a000 rw-p 00000000 00:00 0 
7f962011a000-7f962011e000 ---p 00000000 00:00 0 
7f962011e000-7f962031a000 rw-p 00000000 00:00 0 
7f962031a000-7f962031e000 ---p 00000000 00:00 0 
7f962031e000-7f962051a000 rw-p 00000000 00:00 0 
7f962051a000-7f962051e000 ---p 00000000 00:00 0 
7f962051e000-7f962061a000 rw-p 00000000 00:00 0 
7f962061a000-7f962061e000 ---p 00000000 00:00 0 
7f962061e000-7f962071a000 rw-p 00000000 00:00 0 
7f962071a000-7f962071e000 ---p 00000000 00:00 0 
7f962071e000-7f962081a000 rw-p 00000000 00:00 0 
7f962081a000-7f9620b00000 r--p 00000000 00:147e 28444448                 /usr/lib/locale/locale-archive
7f9620b00000-7f9620b04000 ---p 00000000 00:00 0 
7f9620b04000-7f9621000000 rw-p 00000000 00:00 0 
7f9621000000-7f9621300000 rw-p 00000000 00:00 0 
7f9621300000-7f9621400000 rw-p 00000000 00:00 0 
7f9621404000-7f9621417000 r-xp 00000000 00:2025 4611686019135192571      /nix/store/gpxl5qgg8kicmcvivwmybwjlpf7wh20l-graalvm17-ce-22.3.0/lib/libnio.so
7f9621417000-7f9621418000 r--p 00012000 00:2025 4611686019135192571      /nix/store/gpxl5qgg8kicmcvivwmybwjlpf7wh20l-graalvm17-ce-22.3.0/lib/libnio.so
7f9621418000-7f9621419000 rw-p 00013000 00:2025 4611686019135192571      /nix/store/gpxl5qgg8kicmcvivwmybwjlpf7wh20l-graalvm17-ce-22.3.0/lib/libnio.so
7f9621419000-7f962141e000 rw-p 00019000 00:2025 4611686019135192571      /nix/store/gpxl5qgg8kicmcvivwmybwjlpf7wh20l-graalvm17-ce-22.3.0/lib/libnio.so
7f962141e000-7f9621422000 ---p 00000000 00:00 0 
7f9621422000-7f962151e000 rw-p 00000000 00:00 0 
7f962151e000-7f962151f000 ---p 00000000 00:00 0 
7f962151f000-7f9621620000 rw-p 00000000 00:00 0 
7f9621620000-7f96216ee000 r-xp 00000000 00:2025 4611686019135190036      /nix/store/gpxl5qgg8kicmcvivwmybwjlpf7wh20l-graalvm17-ce-22.3.0/lib/libjsvml.so
7f96216ee000-7f96216ef000 r--p 000cd000 00:2025 4611686019135190036      /nix/store/gpxl5qgg8kicmcvivwmybwjlpf7wh20l-graalvm17-ce-22.3.0/lib/libjsvml.so
7f96216ef000-7f96216f0000 rw-p 000ce000 00:2025 4611686019135190036      /nix/store/gpxl5qgg8kicmcvivwmybwjlpf7wh20l-graalvm17-ce-22.3.0/lib/libjsvml.so
7f96216f0000-7f9622fc8000 rw-p 00000000 00:00 0 
7f9622fc8000-7f9622fc9000 ---p 00000000 00:00 0 
7f9622fc9000-7f9623174000 rw-p 00000000 00:00 0 
7f9623174000-7f962318d000 rw-p 00000000 00:00 0 
7f962318d000-7f96231ca000 ---p 00000000 00:00 0 
7f96231ca000-7f96231d1000 rw-p 00000000 00:00 0 
7f96231d1000-7f96232b6000 ---p 00000000 00:00 0 
7f96232b6000-7f96232d5000 rw-p 00000000 00:00 0 
7f96232d5000-7f96233a1000 ---p 00000000 00:00 0 
7f96233a1000-7f96233a6000 rw-p 00000000 00:00 0 
7f96233a6000-7f96233ad000 ---p 00000000 00:00 0 
7f96233ad000-7f96233d1000 r-xp 00000000 00:2025 4611686019135190028      /nix/store/gpxl5qgg8kicmcvivwmybwjlpf7wh20l-graalvm17-ce-22.3.0/lib/libjava.so
7f96233d1000-7f96233d2000 ---p 00024000 00:2025 4611686019135190028      /nix/store/gpxl5qgg8kicmcvivwmybwjlpf7wh20l-graalvm17-ce-22.3.0/lib/libjava.so
7f96233d2000-7f96233d3000 r--p 00024000 00:2025 4611686019135190028      /nix/store/gpxl5qgg8kicmcvivwmybwjlpf7wh20l-graalvm17-ce-22.3.0/lib/libjava.so
7f96233d3000-7f96233d4000 rw-p 00025000 00:2025 4611686019135190028      /nix/store/gpxl5qgg8kicmcvivwmybwjlpf7wh20l-graalvm17-ce-22.3.0/lib/libjava.so
7f96233d4000-7f96233d5000 rw-p 00000000 00:00 0 
7f96233d5000-7f96233dc000 rw-p 0002f000 00:2025 4611686019135190028      /nix/store/gpxl5qgg8kicmcvivwmybwjlpf7wh20l-graalvm17-ce-22.3.0/lib/libjava.so
7f96233dc000-7f96233e4000 rw-s 00000000 00:d5 353                        /tmp/hsperfdata_runner/30
7f96233e4000-7f96233e5000 ---p 00000000 00:00 0 
7f96233e5000-7f96233e6000 r--p 00000000 00:00 0 
7f96233e6000-7f96233e7000 rwxp 00000000 00:00 0 
7f96233e7000-7f9623402000 r-xp 00000000 00:2025 4611686019135190032      /nix/store/gpxl5qgg8kicmcvivwmybwjlpf7wh20l-graalvm17-ce-22.3.0/lib/libjimage.so
7f9623402000-7f9623403000 ---p 0001b000 00:2025 4611686019135190032      /nix/store/gpxl5qgg8kicmcvivwmybwjlpf7wh20l-graalvm17-ce-22.3.0/lib/libjimage.so
7f9623403000-7f9623405000 r--p 0001b000 00:2025 4611686019135190032      /nix/store/gpxl5qgg8kicmcvivwmybwjlpf7wh20l-graalvm17-ce-22.3.0/lib/libjimage.so
7f9623405000-7f9623406000 rw-p 0001d000 00:2025 4611686019135190032      /nix/store/gpxl5qgg8kicmcvivwmybwjlpf7wh20l-graalvm17-ce-22.3.0/lib/libjimage.so
7f9623406000-7f9623407000 rw-p 00024000 00:2025 4611686019135190032      /nix/store/gpxl5qgg8kicmcvivwmybwjlpf7wh20l-graalvm17-ce-22.3.0/lib/libjimage.so
7f9623407000-7f962340b000 ---p 00000000 00:00 0 
7f962340b000-7f9623507000 rw-p 00000000 00:00 0 
7f9623507000-7f9623515000 r--p 00000000 00:2025 4611686019027979927      /nix/store/4nlgxhb09sdr51nc9hdm8az5b08vzkgx-glibc-2.35-163/lib/libm.so.6
7f9623515000-7f9623588000 r-xp 0000e000 00:2025 4611686019027979927      /nix/store/4nlgxhb09sdr51nc9hdm8az5b08vzkgx-glibc-2.35-163/lib/libm.so.6
7f9623588000-7f96235e5000 r--p 00081000 00:2025 4611686019027979927      /nix/store/4nlgxhb09sdr51nc9hdm8az5b08vzkgx-glibc-2.35-163/lib/libm.so.6
7f96235e5000-7f96235e6000 r--p 000dd000 00:2025 4611686019027979927      /nix/store/4nlgxhb09sdr51nc9hdm8az5b08vzkgx-glibc-2.35-163/lib/libm.so.6
7f96235e6000-7f96235e7000 rw-p 000de000 00:2025 4611686019027979927      /nix/store/4nlgxhb09sdr51nc9hdm8az5b08vzkgx-glibc-2.35-163/lib/libm.so.6
7f96235e7000-7f96235e8000 r--p 00000000 00:2025 4611686019027979946      /nix/store/4nlgxhb09sdr51nc9hdm8az5b08vzkgx-glibc-2.35-163/lib/librt.so.1
7f96235e8000-7f96235e9000 r-xp 00001000 00:2025 4611686019027979946      /nix/store/4nlgxhb09sdr51nc9hdm8az5b08vzkgx-glibc-2.35-163/lib/librt.so.1
7f96235e9000-7f96235ea000 r--p 00002000 00:2025 4611686019027979946      /nix/store/4nlgxhb09sdr51nc9hdm8az5b08vzkgx-glibc-2.35-163/lib/librt.so.1
7f96235ea000-7f96235eb000 r--p 00002000 00:2025 4611686019027979946      /nix/store/4nlgxhb09sdr51nc9hdm8az5b08vzkgx-glibc-2.35-163/lib/librt.so.1
7f96235eb000-7f96235ec000 rw-p 00003000 00:2025 4611686019027979946      /nix/store/4nlgxhb09sdr51nc9hdm8az5b08vzkgx-glibc-2.35-163/lib/librt.so.1
7f96235ec000-7f96246ff000 r-xp 00000000 00:2025 4611686019135360866      /nix/store/gpxl5qgg8kicmcvivwmybwjlpf7wh20l-graalvm17-ce-22.3.0/lib/server/libjvm.so
7f96246ff000-7f9624700000 ---p 01113000 00:2025 4611686019135360866      /nix/store/gpxl5qgg8kicmcvivwmybwjlpf7wh20l-graalvm17-ce-22.3.0/lib/server/libjvm.so
7f9624700000-7f96247b5000 r--p 01113000 00:2025 4611686019135360866      /nix/store/gpxl5qgg8kicmcvivwmybwjlpf7wh20l-graalvm17-ce-22.3.0/lib/server/libjvm.so
7f96247b5000-7f96247e9000 rw-p 011c8000 00:2025 4611686019135360866      /nix/store/gpxl5qgg8kicmcvivwmybwjlpf7wh20l-graalvm17-ce-22.3.0/lib/server/libjvm.so
7f96247e9000-7f9624845000 rw-p 00000000 00:00 0 
7f9624845000-7f962486d000 r--p 00000000 00:2025 4611686019027979918      /nix/store/4nlgxhb09sdr51nc9hdm8az5b08vzkgx-glibc-2.35-163/lib/libc.so.6
7f962486d000-7f96249e3000 r-xp 00028000 00:2025 4611686019027979918      /nix/store/4nlgxhb09sdr51nc9hdm8az5b08vzkgx-glibc-2.35-163/lib/libc.so.6
7f96249e3000-7f9624a3b000 r--p 0019e000 00:2025 4611686019027979918      /nix/store/4nlgxhb09sdr51nc9hdm8az5b08vzkgx-glibc-2.35-163/lib/libc.so.6
7f9624a3b000-7f9624a3f000 r--p 001f6000 00:2025 4611686019027979918      /nix/store/4nlgxhb09sdr51nc9hdm8az5b08vzkgx-glibc-2.35-163/lib/libc.so.6
7f9624a3f000-7f9624a41000 rw-p 001fa000 00:2025 4611686019027979918      /nix/store/4nlgxhb09sdr51nc9hdm8az5b08vzkgx-glibc-2.35-163/lib/libc.so.6
7f9624a41000-7f9624a50000 rw-p 00000000 00:00 0 
7f9624a50000-7f9624a51000 r--p 00000000 00:2025 4611686019027979923      /nix/store/4nlgxhb09sdr51nc9hdm8az5b08vzkgx-glibc-2.35-163/lib/libdl.so.2
7f9624a51000-7f9624a52000 r-xp 00001000 00:2025 4611686019027979923      /nix/store/4nlgxhb09sdr51nc9hdm8az5b08vzkgx-glibc-2.35-163/lib/libdl.so.2
7f9624a52000-7f9624a53000 r--p 00002000 00:2025 4611686019027979923      /nix/store/4nlgxhb09sdr51nc9hdm8az5b08vzkgx-glibc-2.35-163/lib/libdl.so.2
7f9624a53000-7f9624a54000 r--p 00002000 00:2025 4611686019027979923      /nix/store/4nlgxhb09sdr51nc9hdm8az5b08vzkgx-glibc-2.35-163/lib/libdl.so.2
7f9624a54000-7f9624a55000 rw-p 00003000 00:2025 4611686019027979923      /nix/store/4nlgxhb09sdr51nc9hdm8az5b08vzkgx-glibc-2.35-163/lib/libdl.so.2
7f9624a55000-7f9624a56000 r--p 00000000 00:2025 4611686019027979942      /nix/store/4nlgxhb09sdr51nc9hdm8az5b08vzkgx-glibc-2.35-163/lib/libpthread.so.0
7f9624a56000-7f9624a57000 r-xp 00001000 00:2025 4611686019027979942      /nix/store/4nlgxhb09sdr51nc9hdm8az5b08vzkgx-glibc-2.35-163/lib/libpthread.so.0
7f9624a57000-7f9624a58000 r--p 00002000 00:2025 4611686019027979942      /nix/store/4nlgxhb09sdr51nc9hdm8az5b08vzkgx-glibc-2.35-163/lib/libpthread.so.0
7f9624a58000-7f9624a59000 r--p 00002000 00:2025 4611686019027979942      /nix/store/4nlgxhb09sdr51nc9hdm8az5b08vzkgx-glibc-2.35-163/lib/libpthread.so.0
7f9624a59000-7f9624a5a000 rw-p 00003000 00:2025 4611686019027979942      /nix/store/4nlgxhb09sdr51nc9hdm8az5b08vzkgx-glibc-2.35-163/lib/libpthread.so.0
7f9624a5a000-7f9624a68000 r-xp 00000000 00:2025 4611686019135190033      /nix/store/gpxl5qgg8kicmcvivwmybwjlpf7wh20l-graalvm17-ce-22.3.0/lib/libjli.so
7f9624a68000-7f9624a69000 ---p 0000e000 00:2025 4611686019135190033      /nix/store/gpxl5qgg8kicmcvivwmybwjlpf7wh20l-graalvm17-ce-22.3.0/lib/libjli.so
7f9624a69000-7f9624a6a000 r--p 0000e000 00:2025 4611686019135190033      /nix/store/gpxl5qgg8kicmcvivwmybwjlpf7wh20l-graalvm17-ce-22.3.0/lib/libjli.so
7f9624a6a000-7f9624a6b000 rw-p 0000f000 00:2025 4611686019135190033      /nix/store/gpxl5qgg8kicmcvivwmybwjlpf7wh20l-graalvm17-ce-22.3.0/lib/libjli.so
7f9624a6b000-7f9624a6c000 rw-p 00012000 00:2025 4611686019135190033      /nix/store/gpxl5qgg8kicmcvivwmybwjlpf7wh20l-graalvm17-ce-22.3.0/lib/libjli.so
7f9624a6c000-7f9624a6f000 r--p 00000000 00:2025 4611686019106210071      /nix/store/026hln0aq1hyshaxsdvhg0kmcm6yf45r-zlib-1.2.13/lib/libz.so.1.2.13
7f9624a6f000-7f9624a81000 r-xp 00003000 00:2025 4611686019106210071      /nix/store/026hln0aq1hyshaxsdvhg0kmcm6yf45r-zlib-1.2.13/lib/libz.so.1.2.13
7f9624a81000-7f9624a88000 r--p 00015000 00:2025 4611686019106210071      /nix/store/026hln0aq1hyshaxsdvhg0kmcm6yf45r-zlib-1.2.13/lib/libz.so.1.2.13
7f9624a88000-7f9624a89000 r--p 0001b000 00:2025 4611686019106210071      /nix/store/026hln0aq1hyshaxsdvhg0kmcm6yf45r-zlib-1.2.13/lib/libz.so.1.2.13
7f9624a89000-7f9624a8a000 rw-p 0001c000 00:2025 4611686019106210071      /nix/store/026hln0aq1hyshaxsdvhg0kmcm6yf45r-zlib-1.2.13/lib/libz.so.1.2.13
7f9624a8a000-7f9624a8c000 rw-p 00000000 00:00 0 
7f9624a8c000-7f9624a8e000 r--p 00000000 00:2025 4611686019027979912      /nix/store/4nlgxhb09sdr51nc9hdm8az5b08vzkgx-glibc-2.35-163/lib/ld-linux-x86-64.so.2
7f9624a8e000-7f9624ab5000 r-xp 00002000 00:2025 4611686019027979912      /nix/store/4nlgxhb09sdr51nc9hdm8az5b08vzkgx-glibc-2.35-163/lib/ld-linux-x86-64.so.2
7f9624ab5000-7f9624ac1000 r--p 00029000 00:2025 4611686019027979912      /nix/store/4nlgxhb09sdr51nc9hdm8az5b08vzkgx-glibc-2.35-163/lib/ld-linux-x86-64.so.2
7f9624ac1000-7f9624ac3000 r--p 00034000 00:2025 4611686019027979912      /nix/store/4nlgxhb09sdr51nc9hdm8az5b08vzkgx-glibc-2.35-163/lib/ld-linux-x86-64.so.2
7f9624ac3000-7f9624ac5000 rw-p 00036000 00:2025 4611686019027979912      /nix/store/4nlgxhb09sdr51nc9hdm8az5b08vzkgx-glibc-2.35-163/lib/ld-linux-x86-64.so.2
7ffc7fdcb000-7ffc7fdf0000 rw-p 00000000 00:00 0                          [stack]
7ffc7fdf8000-7ffc7fdfc000 r--p 00000000 00:00 0                          [vvar]
7ffc7fdfc000-7ffc7fdfe000 r-xp 00000000 00:00 0                          [vdso]
ffffffffff600000-ffffffffff601000 --xp 00000000 00:00 0                  [vsyscall]


VM Arguments:
jvm_args: -XX:ThreadPriorityPolicy=1 -XX:+UnlockExperimentalVMOptions -XX:+EnableJVMCIProduct -XX:JVMCIThreadsPerNativeLibraryRuntime=1 -XX:-UnlockExperimentalVMOptions -Declipse.application=org.eclipse.jdt.ls.core.id1 -Dosgi.bundles.defaultStartLevel=4 -Declipse.product=org.eclipse.jdt.ls.core.product -Dlog.level=ALL -Xverify:none -XX:+UseParallelGC -XX:GCTimeRatio=4 -XX:AdaptiveSizePolicyWeight=90 -Dsun.zip.disableMemoryMapping=true -Xmx512m -Xms100m 
java_command: /nix/store/m6gcpi1ii6rghy04cjwjddcavv7i90df-jdt-language-server-1.9.0/share/java/plugins/org.eclipse.equinox.launcher_1.6.400.v20210924-0641.jar --add-modules=ALL-SYSTEM --add-opens java.base/java.util=ALL-UNNAMED --add-opens java.base/java.lang=ALL-UNNAMED -configuration /home/runner/.cache/jdt-language-server/config -data /home/runner/.cache/jdt-language-server/data/home/runner/Java-practice
java_class_path (initial): /nix/store/m6gcpi1ii6rghy04cjwjddcavv7i90df-jdt-language-server-1.9.0/share/java/plugins/org.eclipse.equinox.launcher_1.6.400.v20210924-0641.jar
Launcher Type: SUN_STANDARD

[Global flags]
    uintx AdaptiveSizePolicyWeight                 = 90                                        {product} {command line}
     intx CICompilerCount                          = 2                                         {product} {ergonomic}
     bool EnableJVMCIProduct                       = true                                {JVMCI product} {jimage}
    uintx GCTimeRatio                              = 4                                         {product} {command line}
   size_t InitialHeapSize                          = 104857600                                 {product} {command line}
     uint JVMCIThreadsPerNativeLibraryRuntime      = 1                                   {JVMCI product} {jimage}
   size_t MaxHeapSize                              = 536870912                                 {product} {command line}
   size_t MaxNewSize                               = 178782208                                 {product} {ergonomic}
   size_t MinHeapDeltaBytes                        = 524288                                    {product} {ergonomic}
   size_t MinHeapSize                              = 104857600                                 {product} {command line}
   size_t NewSize                                  = 34603008                                  {product} {ergonomic}
    uintx NonNMethodCodeHeapSize                   = 5826188                                {pd product} {ergonomic}
    uintx NonProfiledCodeHeapSize                  = 122916026                              {pd product} {ergonomic}
   size_t OldSize                                  = 70254592                                  {product} {ergonomic}
    uintx ProfiledCodeHeapSize                     = 122916026                              {pd product} {ergonomic}
    uintx ReservedCodeCacheSize                    = 251658240                              {pd product} {ergonomic}
     bool SegmentedCodeCache                       = true                                      {product} {ergonomic}
   size_t SoftMaxHeapSize                          = 536870912                              {manageable} {ergonomic}
     intx ThreadPriorityPolicy                     = 1                                         {product} {jimage}
     bool UseCompressedClassPointers               = true                           {product lp64_product} {ergonomic}
     bool UseCompressedOops                        = true                           {product lp64_product} {ergonomic}
     bool UseParallelGC                            = true                                      {product} {command line}

Logging:
Log output configuration:
 #0: stdout all=warning uptime,level,tags
 #1: stderr all=off uptime,level,tags

Environment Variables:
JAVA_HOME=/nix/store/gpxl5qgg8kicmcvivwmybwjlpf7wh20l-graalvm17-ce-22.3.0
PATH=/nix/store/1d6ian3r8kdzspw8hacjhl3xkp40g1lj-binutils-wrapper-2.39/bin:/nix/store/dq0xwmsk1g0i2ayg6pb7y87na2knzylh-gcc-wrapper-11.3.0/bin:/nix/store/bap4d0lpcrhpwmpb8ayjcgkmvfj62lnq-bash-interactive-5.1-p16/bin:/nix/store/pr5n59mb4jzmfx6kanwxly0l07p861fg-patchelf-0.15.0/bin:/nix/store/1gf2flfqnpqbr1b4p4qz2f72y42bs56r-gcc-11.3.0/bin:/nix/store/57xv61c5zi8pphjbcwxxjlgc34p61ic9-glibc-2.35-163-bin/bin:/nix/store/a7gvj343m05j2s32xcnwr35v31ynlypr-coreutils-9.1/bin:/nix/store/039g378vc3pc3dvi9dzdlrd0i4q93qwf-binutils-2.39/bin:/nix/store/gpxl5qgg8kicmcvivwmybwjlpf7wh20l-graalvm17-ce-22.3.0/bin:/nix/store/6z9ag3ihc8mq2hzsw48lhbznvzny65nz-apache-maven-3.8.6/bin:/nix/store/m6gcpi1ii6rghy04cjwjddcavv7i90df-jdt-language-server-1.9.0/bin:/nix/store/84xs5alhs01zrbr4ywm05kxbjbp5590l-java-debug/bin:/nix/store/mydc6f4k2z73xlcz7ilif3v2lcaiqvza-findutils-4.9.0/bin:/nix/store/j9p3g8472iijd50vhdprx0nmk2fqn5gv-diffutils-3.8/bin:/nix/store/89zs7rms6x00xfq4dq6m7mjnhkr8a6r4-gnused-4.8/bin:/nix/store/86bp03jkmsl6f92w0yzg4s59g5mhxwmy-gnugrep-3.7/bin:/nix/store/hwcdqw4jrjnd37wxqgsd47hd0j8bnj09-gawk-5.1.1/bin:/nix/store/cfbhw8r8ags41vwqaz47r583d0p4h4a1-gnutar-1.34/bin:/nix/store/p3m1ndl1lapwrlh698bnb5lvvxh67378-gzip-1.12/bin:/nix/store/a8mhcagrsly7c7mpjrpsnaahk4aax056-bzip2-1.0.8-bin/bin:/nix/store/mblgz65m3zv9x548a3d5m96fj2pbwr09-gnumake-4.3/bin:/nix/store/dsd5gz46hdbdk2rfdimqddhq6m8m8fqs-bash-5.1-p16/bin:/nix/store/v7ljksji50mg3w61dykaa3n3y79n6nil-patch-2.7.6/bin:/nix/store/zlcnmqq14jz5x9439jf937mvayyl63da-xz-5.2.7-bin/bin:/nix/store/y6aj732zm9m87c82fpvf103a1xb22blp-file-5.43/bin:/nix/store/i4kzir3m7mrisxmf5xvlnkw01x4qaqr4-prybar-elisp-0.0.0-e0d9a52/bin:/nix/store/lwwivxf6h7x3cvxp9zv8sj0mv7dak99r-prybar-lua-0.0.0-e0d9a52/bin:/nix/store/gxj28g1cg4hq3qanmjv07156h800qr58-prybar-python3-0.0.0-e0d9a52/bin:/nix/store/hshkjnxrgidigf8x75vg6lqng2xlx9i3-prybar-sqlite-0.0.0-e0d9a52/bin:/nix/store/c4w01bpjgyy5ixmwdk8m1pw87zq4sl26-prybar-tcl-0.0.0-e0d9a52/bin:/nix/store/hpbvrlwd5viqmvcaisb3x0118i913a9n-st
LD_LIBRARY_PATH=/nix/store/a4pff549sk2idnkpzk5nsfps3mdkdnvm-cups-2.4.2-lib/lib:/nix/store/72mqxxhh3cy5yifh92wh2yb8cl2hikyy-cairo-1.16.0/lib:/nix/store/2k366jrbsra97gjfxwvrhvixjfxdach5-glib-2.74.1/lib:/nix/store/2j2znigd8ak37rlwh9khz0ry3clqlw1l-gtk+3-3.24.34/lib:/nix/store/hisqvx32cd57apbpcsnkpx6k3549wql1-libglvnd-1.4.0/lib:/nix/store/p36pgcv991mq5srvg765b78yqpxvk3qs-mesa-21.3.3-drivers/lib:/nix/store/mav4251if1ahjq5vkpwycyyvnmy459c4-pulseaudio-14.2/lib
DISPLAY=:0
LANG=en_US.UTF-8

Signal Handlers:
   SIGSEGV: crash_handler in libjvm.so, mask=11100100010111111101111111111110, flags=SA_RESTART|SA_SIGINFO
    SIGBUS: crash_handler in libjvm.so, mask=11100100010111111101111111111110, flags=SA_RESTART|SA_SIGINFO
    SIGFPE: crash_handler in libjvm.so, mask=11100100010111111101111111111110, flags=SA_RESTART|SA_SIGINFO
   SIGPIPE: IsolateEnterStub_IgnoreSIGPIPEStartupHook_noopSignalHandler_8f19bff2f35b5f630d83b364d6b2339320d4ec70_216e8361c6bc87a8f89f58cc10d3b2fd4415bf87 in libjvmcicompiler.so, mask=00000000000000000000000000000000, flags=SA_RESTART
  *** Handler was modified!
  *** Expected: javaSignalHandler in libjvm.so, mask=11100100110111111111111111111110, flags=SA_RESTART|SA_SIGINFO
   SIGXFSZ: javaSignalHandler in libjvm.so, mask=11100100010111111101111111111110, flags=SA_RESTART|SA_SIGINFO
    SIGILL: crash_handler in libjvm.so, mask=11100100010111111101111111111110, flags=SA_RESTART|SA_SIGINFO
   SIGUSR2: SR_handler in libjvm.so, mask=00000000000000000000000000000000, flags=SA_RESTART|SA_SIGINFO
    SIGHUP: UserHandler in libjvm.so, mask=11100100010111111101111111111110, flags=SA_RESTART|SA_SIGINFO
    SIGINT: UserHandler in libjvm.so, mask=11100100010111111101111111111110, flags=SA_RESTART|SA_SIGINFO
   SIGTERM: UserHandler in libjvm.so, mask=11100100010111111101111111111110, flags=SA_RESTART|SA_SIGINFO
   SIGQUIT: UserHandler in libjvm.so, mask=11100100010111111101111111111110, flags=SA_RESTART|SA_SIGINFO
  *** Handler was modified!
  *** Expected: javaSignalHandler in libjvm.so, mask=11100100110111111111111111111110, flags=SA_RESTART|SA_SIGINFO
   SIGTRAP: crash_handler in libjvm.so, mask=11100100010111111101111111111110, flags=SA_RESTART|SA_SIGINFO


---------------  S Y S T E M  ---------------

OS:
DISTRIB_ID=Ubuntu
DISTRIB_RELEASE=20.04
DISTRIB_CODENAME=focal
DISTRIB_DESCRIPTION="Ubuntu 20.04.2 LTS"
uname: Linux 5.15.0-1031-gcp #38~20.04.1-Ubuntu SMP Sun Mar 12 04:47:58 UTC 2023 x86_64
OS uptime: 0 days 6:38 hours
libc: glibc 2.35 NPTL 2.35 
rlimit (soft/hard): STACK 8192k/infinity , CORE infinity/infinity , NPROC infinity/infinity , NOFILE 5242/5242 , AS infinity/infinity , CPU infinity/infinity , DATA infinity/infinity , FSIZE infinity/infinity , MEMLOCK 64k/64k
load average: 22.37 18.62 17.11

/proc/meminfo:
MemTotal:       65852704 kB
MemFree:        12780976 kB
MemAvailable:   36982544 kB
Buffers:         2519220 kB
Cached:         20260868 kB
SwapCached:            0 kB
Active:          9743032 kB
Inactive:       37842080 kB
Active(anon):      18444 kB
Inactive(anon): 24561908 kB
Active(file):    9724588 kB
Inactive(file): 13280172 kB
Unevictable:       43044 kB
Mlocked:           43044 kB
SwapTotal:             0 kB
SwapFree:              0 kB
Dirty:              3572 kB
Writeback:             0 kB
AnonPages:      23534764 kB
Mapped:          1899024 kB
Shmem:             29004 kB
KReclaimable:    1923408 kB
Slab:            4344628 kB
SReclaimable:    1923408 kB
SUnreclaim:      2421220 kB
KernelStack:      429712 kB
PageTables:       229216 kB
NFS_Unstable:          0 kB
Bounce:                0 kB
WritebackTmp:          0 kB
CommitLimit:    32926352 kB
Committed_AS:   84611192 kB
VmallocTotal:   34359738367 kB
VmallocUsed:      487916 kB
VmallocChunk:          0 kB
Percpu:            96320 kB
HardwareCorrupted:     0 kB
AnonHugePages:   4366336 kB
ShmemHugePages:        0 kB
ShmemPmdMapped:        0 kB
FileHugePages:         0 kB
FilePmdMapped:         0 kB
HugePages_Total:       0
HugePages_Free:        0
HugePages_Rsvd:        0
HugePages_Surp:        0
Hugepagesize:       2048 kB
Hugetlb:               0 kB
DirectMap4k:     5255992 kB
DirectMap2M:    48218112 kB
DirectMap1G:    15728640 kB

/sys/kernel/mm/transparent_hugepage/enabled: always [madvise] never
/sys/kernel/mm/transparent_hugepage/defrag (defrag/compaction efforts parameter): always defer defer+madvise [madvise] never

Process Memory:
Virtual Size: 4788864K (peak: 4820800K)
Resident Set Size: 738292K (peak: 774968K) (anon: 541540K, file: 196752K, shmem: 0K)
Swapped out: 0K
C-Heap outstanding allocations: 43537K, retained: 11530K
glibc malloc tunables: (default)

/proc/sys/kernel/threads-max (system-wide limit on the number of threads): 514406
/proc/sys/vm/max_map_count (maximum number of memory map areas a process may have): 65530
/proc/sys/kernel/pid_max (system-wide limit on number of process identifiers): 4194304

container (cgroup) information:
container_type: cgroupv1
cpu_cpuset_cpus: 2-7
cpu_memory_nodes: 0
active_processor_count: 1
cpu_quota: 50000
cpu_period: 100000
cpu_shares: 512
memory_limit_in_bytes: 1048576 k
memory_and_swap_limit_in_bytes: 1048576 k
memory_soft_limit_in_bytes: 524288 k
memory_usage_in_bytes: 584076 k
memory_max_usage_in_bytes: 638236 k
maximum number of tasks: 1000
current number of tasks: 50

KVM virtualization detected
Steal ticks since vm start: 0
Steal ticks percentage since vm start:  0.000

CPU: total 8 (initial active 1) (8 cores per cpu, 2 threads per core) family 23 model 49 stepping 0 microcode 0xffffffff, cx8, cmov, fxsr, ht, mmx, 3dnowpref, sse, sse2, sse3, ssse3, sse4a, sse4.1, sse4.2, popcnt, lzcnt, tsc, tscinvbit, avx, avx2, aes, clmul, bmi1, bmi2, adx, sha, fma, vzeroupper, clflush, clflushopt, hv
CPU Model and flags from /proc/cpuinfo:
model name	: AMD EPYC 7B12
flags		: fpu vme de pse tsc msr pae mce cx8 apic sep mtrr pge mca cmov pat pse36 clflush mmx fxsr sse sse2 ht syscall nx mmxext fxsr_opt pdpe1gb rdtscp lm constant_tsc rep_good nopl nonstop_tsc cpuid extd_apicid tsc_known_freq pni pclmulqdq ssse3 fma cx16 sse4_1 sse4_2 movbe popcnt aes xsave avx f16c rdrand hypervisor lahf_lm cmp_legacy cr8_legacy abm sse4a misalignsse 3dnowprefetch osvw topoext ssbd ibrs ibpb stibp vmmcall fsgsbase tsc_adjust bmi1 avx2 smep bmi2 rdseed adx smap clflushopt clwb sha_ni xsaveopt xsavec xgetbv1 clzero xsaveerptr arat npt nrip_save umip rdpid

Online cpus: 0-7
Offline cpus: 
BIOS frequency limitation: <Not Available>
Frequency switch latency (ns): <Not Available>
Available cpu frequencies: <Not Available>
Current governor: <Not Available>
Core performance/turbo boost: <Not Available>

Memory: 4k page, physical 1048576k(464492k free), swap 0k(0k free)
Page Sizes: 4k

vm_info: OpenJDK 64-Bit Server VM (17.0.5+8-jvmci-22.3-b08) for linux-amd64 JRE (17.0.5+8-jvmci-22.3-b08), built on Oct 19 2022 09:01:27 by "buildslave" with gcc 10.3.0

END.
